#
# A fatal error has been detected by the Java Runtime Environment:
#
#  EXCEPTION_ACCESS_VIOLATION (0xc0000005) at pc=0x000007fef833c1fc, pid=736, tid=0x00000000000017a8
#
# JRE version: Java(TM) SE Runtime Environment (8.0_101-b13) (build 1.8.0_101-b13)
# Java VM: Java HotSpot(TM) 64-Bit Server VM (25.101-b13 mixed mode windows-amd64 compressed oops)
# Problematic frame:
# C  [nvwgf2umx.dll+0xdc1fc]
#
# Failed to write core dump. Minidumps are not enabled by default on client versions of Windows
#
# If you would like to submit a bug report, please visit:
#   http://bugreport.java.com/bugreport/crash.jsp
# The crash happened outside the Java Virtual Machine in native code.
# See problematic frame for where to report the bug.
#

---------------  T H R E A D  ---------------

Current thread (0x0000000002218000):  JavaThread "main" [_thread_in_native, id=6056, stack(0x0000000002650000,0x0000000002750000)]

siginfo: ExceptionCode=0xc0000005, reading address 0x00000055eb023560

Registers:
RAX=0x0000000065458190, RBX=0x000000005b3951d1, RCX=0x0000005585bcb300, RDX=0x0000000000000001
RSP=0x000000000274ef50, RBP=0x0000000000000000, RSI=0x00000000654520c0, RDI=0x0000000061d694a0
R8 =0x0000000000000001, R9 =0x00000055eb023550, R10=0x0000000000000000, R11=0x000000000000036b
R12=0x0000000000000001, R13=0x0000000000000000, R14=0x0000000065458050, R15=0x0000000000000001
RIP=0x000007fef833c1fc, EFLAGS=0x0000000000010206

Top of Stack: (sp=0x000000000274ef50)
0x000000000274ef50:   000007fef920ee30 000007fef92415bf
0x000000000274ef60:   000000005b541fb8 000000005b541fb8
0x000000000274ef70:   000000000274f0c1 0000000100000000
0x000000000274ef80:   fffffffffffffffe 00000000001f9c3c
0x000000000274ef90:   5b3951d15b541f00 0000000100000001
0x000000000274efa0:   5b3951d00000036b 0000000065458050
0x000000000274efb0:   000000005b3951d0 0000000069e981c0
0x000000000274efc0:   ffffffff00000001 0000000100000000
0x000000000274efd0:   0000000000000000 0000005585bcb300
0x000000000274efe0:   000007fef92136b8 0000000000000001
0x000000000274eff0:   000000000274f3a8 000007fef920ee30
0x000000000274f000:   0000000000000000 000007fef926fe4f
0x000000000274f010:   00000abb01620003 00000000001f9e00
0x000000000274f020:   000000005b541f30 000007fef9210160
0x000000000274f030:   000000005b541f48 000007fef92270cc
0x000000000274f040:   000000005b5acea0 00000000776f1a0a 

Instructions: (pc=0x000007fef833c1fc)
0x000007fef833c1dc:   c8 89 44 24 54 48 8b 46 58 48 69 c9 f0 00 00 00
0x000007fef833c1ec:   4c 8d 8c 08 c0 00 00 00 48 89 8c 24 88 00 00 00
0x000007fef833c1fc:   41 8b 41 10 4c 89 4c 24 68 8b c8 c1 e9 04 0b c8
0x000007fef833c20c:   85 ca 0f 84 25 03 00 00 8b 46 7c 85 c0 74 05 83 


Register to memory mapping:

RAX=0x0000000065458190 is an unknown value
RBX=0x000000005b3951d1 is an unknown value
RCX=0x0000005585bcb300 is an unknown value
RDX=0x0000000000000001 is an unknown value
RSP=0x000000000274ef50 is pointing into the stack for thread: 0x0000000002218000
RBP=0x0000000000000000 is an unknown value
RSI=0x00000000654520c0 is an unknown value
RDI=0x0000000061d694a0 is an unknown value
R8 =0x0000000000000001 is an unknown value
R9 =0x00000055eb023550 is an unknown value
R10=0x0000000000000000 is an unknown value
R11=0x000000000000036b is an unknown value
R12=0x0000000000000001 is an unknown value
R13=0x0000000000000000 is an unknown value
R14=0x0000000065458050 is an unknown value
R15=0x0000000000000001 is an unknown value


Stack: [0x0000000002650000,0x0000000002750000],  sp=0x000000000274ef50,  free space=1019k
Native frames: (J=compiled Java code, j=interpreted, Vv=VM code, C=native code)

Java frames: (J=compiled Java code, j=interpreted, Vv=VM code)
J 2086  org.lwjgl.system.JNI.invokePV(JJ)V (0 bytes) @ 0x000000000331e144 [0x000000000331e100+0x44]
J 2179 C1 com.grillecube.engine.opengl.GLFWWindow.flushScreen()V (37 bytes) @ 0x0000000002b2005c [0x0000000002b1fee0+0x17c]
J 2122 C1 com.grillecube.engine.VoxelEngineClient.onLoop()V (43 bytes) @ 0x00000000033327ec [0x00000000033322e0+0x50c]
j  com.grillecube.engine.VoxelEngine.loop()V+34
j  com.pot.client.Main.main([Ljava/lang/String;)V+39
v  ~StubRoutines::call_stub

---------------  P R O C E S S  ---------------

Java Threads: ( => current thread )
  0x000000005e49e000 JavaThread "pool-1-thread-8" [_thread_in_Java, id=5548, stack(0x0000000063b20000,0x0000000063c20000)]
  0x000000005e49c000 JavaThread "pool-1-thread-7" [_thread_blocked, id=5024, stack(0x00000000642e0000,0x00000000643e0000)]
  0x000000005eb0f000 JavaThread "pool-1-thread-6" [_thread_blocked, id=4608, stack(0x0000000064150000,0x0000000064250000)]
  0x000000005eb0d000 JavaThread "pool-1-thread-5" [_thread_blocked, id=5172, stack(0x0000000064050000,0x0000000064150000)]
  0x000000005eb0c000 JavaThread "pool-1-thread-4" [_thread_blocked, id=4100, stack(0x0000000063dd0000,0x0000000063ed0000)]
  0x000000005eb0b800 JavaThread "pool-1-thread-3" [_thread_blocked, id=3568, stack(0x0000000063c30000,0x0000000063d30000)]
  0x000000005e8b4800 JavaThread "pool-1-thread-2" [_thread_blocked, id=5372, stack(0x00000000639e0000,0x0000000063ae0000)]
  0x000000005e8b3800 JavaThread "pool-1-thread-1" [_thread_blocked, id=5760, stack(0x000000005f890000,0x000000005f990000)]
  0x0000000058373000 JavaThread "AWT-Windows" daemon [_thread_in_native, id=5320, stack(0x000000005ff00000,0x0000000060000000)]
  0x000000005e8ed800 JavaThread "Java2D Disposer" daemon [_thread_blocked, id=6024, stack(0x000000005fa30000,0x000000005fb30000)]
  0x000000005681e800 JavaThread "Service Thread" daemon [_thread_blocked, id=5780, stack(0x0000000057b20000,0x0000000057c20000)]
  0x00000000567fd000 JavaThread "C1 CompilerThread2" daemon [_thread_blocked, id=4272, stack(0x00000000578b0000,0x00000000579b0000)]
  0x00000000567fb000 JavaThread "C2 CompilerThread1" daemon [_thread_blocked, id=4288, stack(0x00000000576f0000,0x00000000577f0000)]
  0x00000000567a0800 JavaThread "C2 CompilerThread0" daemon [_thread_blocked, id=2672, stack(0x0000000057310000,0x0000000057410000)]
  0x000000005678f000 JavaThread "JDWP Command Reader" daemon [_thread_in_native, id=2844, stack(0x00000000575e0000,0x00000000576e0000)]
  0x000000005678e000 JavaThread "JDWP Event Helper Thread" daemon [_thread_blocked, id=592, stack(0x0000000057420000,0x0000000057520000)]
  0x0000000056784000 JavaThread "JDWP Transport Listener: dt_socket" daemon [_thread_blocked, id=2956, stack(0x0000000056f40000,0x0000000057040000)]
  0x00000000552ca800 JavaThread "Attach Listener" daemon [_thread_blocked, id=3952, stack(0x0000000056680000,0x0000000056780000)]
  0x00000000552c6800 JavaThread "Signal Dispatcher" daemon [_thread_blocked, id=3580, stack(0x0000000056490000,0x0000000056590000)]
  0x00000000552ad000 JavaThread "Finalizer" daemon [_thread_blocked, id=2508, stack(0x0000000056280000,0x0000000056380000)]
  0x0000000055266000 JavaThread "Reference Handler" daemon [_thread_blocked, id=5424, stack(0x0000000056390000,0x0000000056490000)]
=>0x0000000002218000 JavaThread "main" [_thread_in_native, id=6056, stack(0x0000000002650000,0x0000000002750000)]

Other Threads:
  0x000000005525f000 VMThread [stack: 0x0000000056130000,0x0000000056230000] [id=5568]
  0x000000005682a000 WatcherThread [stack: 0x00000000579d0000,0x0000000057ad0000] [id=3372]

VM state:not at safepoint (normal execution)

VM Mutex/Monitor currently owned by a thread: None

Heap:
 PSYoungGen      total 117248K, used 108766K [0x00000000eac00000, 0x00000000fc880000, 0x0000000100000000)
  eden space 116736K, 93% used [0x00000000eac00000,0x00000000f16179e8,0x00000000f1e00000)
  from space 512K, 25% used [0x00000000fc800000,0x00000000fc820000,0x00000000fc880000)
  to   space 512K, 0% used [0x00000000fc780000,0x00000000fc780000,0x00000000fc800000)
 ParOldGen       total 44032K, used 30584K [0x00000000c0400000, 0x00000000c2f00000, 0x00000000eac00000)
  object space 44032K, 69% used [0x00000000c0400000,0x00000000c21de370,0x00000000c2f00000)
 Metaspace       used 14988K, capacity 15195K, committed 15488K, reserved 1062912K
  class space    used 1546K, capacity 1622K, committed 1664K, reserved 1048576K

Card table byte_map: [0x0000000011de0000,0x0000000011fe0000] byte_map_base: 0x00000000117de000

Marking Bits: (ParMarkBitMap*) 0x00000000727ca6d0
 Begin Bits: [0x00000000126f0000, 0x00000000136e0000)
 End Bits:   [0x00000000136e0000, 0x00000000146d0000)

Polling page: 0x0000000000320000

CodeCache: size=245760Kb used=8164Kb max_used=9532Kb free=237596Kb
 bounds [0x0000000002a20000, 0x0000000003380000, 0x0000000011a20000]
 total_blobs=2879 nmethods=2009 adapters=791
 compilation: enabled

Compilation events (10 events):
Event: 38.112 Thread 0x00000000567fd000 nmethod 2450 0x000000000326e510 code [0x000000000326e660, 0x000000000326e770]
Event: 38.112 Thread 0x00000000567fd000 2457       3       com.grillecube.engine.renderer.world.terrain.ProgramTerrain::loadInstanceUniforms (13 bytes)
Event: 38.112 Thread 0x00000000567fd000 nmethod 2457 0x00000000032e9ad0 code [0x00000000032e9c80, 0x00000000032ea3d8]
Event: 38.112 Thread 0x00000000567fd000 2451       1       com.grillecube.engine.renderer.world.terrain.TerrainMesh::getTransformationMatrix (5 bytes)
Event: 38.112 Thread 0x00000000567fd000 nmethod 2451 0x000000000301a790 code [0x000000000301a8e0, 0x000000000301a9f0]
Event: 38.112 Thread 0x00000000567fd000 2456       3       com.grillecube.engine.resources.BlockManager::getTextureAtlas (7 bytes)
Event: 38.112 Thread 0x00000000567fd000 nmethod 2456 0x000000000301a390 code [0x000000000301a4e0, 0x000000000301a650]
Event: 38.112 Thread 0x00000000567fd000 2458       3       com.grillecube.engine.renderer.world.terrain.TerrainMesh::render (115 bytes)
Event: 38.113 Thread 0x00000000567fd000 nmethod 2458 0x00000000030058d0 code [0x0000000003005c00, 0x0000000003007018]
Event: 38.113 Thread 0x00000000567fb000 nmethod 2459 0x0000000002b84450 code [0x0000000002b845c0, 0x0000000002b84798]

GC Heap History (10 events):
Event: 37.384 GC heap before
{Heap before GC invocations=282 (full 0):
 PSYoungGen      total 145920K, used 145536K [0x00000000eac00000, 0x00000000fc880000, 0x0000000100000000)
  eden space 145408K, 100% used [0x00000000eac00000,0x00000000f3a00000,0x00000000f3a00000)
  from space 512K, 25% used [0x00000000fc780000,0x00000000fc7a0000,0x00000000fc800000)
  to   space 512K, 0% used [0x00000000fc800000,0x00000000fc800000,0x00000000fc880000)
 ParOldGen       total 44032K, used 30496K [0x00000000c0400000, 0x00000000c2f00000, 0x00000000eac00000)
  object space 44032K, 69% used [0x00000000c0400000,0x00000000c21c8370,0x00000000c2f00000)
 Metaspace       used 14978K, capacity 15195K, committed 15488K, reserved 1062912K
  class space    used 1546K, capacity 1622K, committed 1664K, reserved 1048576K
Event: 37.385 GC heap after
Heap after GC invocations=282 (full 0):
 PSYoungGen      total 139776K, used 128K [0x00000000eac00000, 0x00000000fc880000, 0x0000000100000000)
  eden space 139264K, 0% used [0x00000000eac00000,0x00000000eac00000,0x00000000f3400000)
  from space 512K, 25% used [0x00000000fc800000,0x00000000fc820000,0x00000000fc880000)
  to   space 512K, 0% used [0x00000000fc780000,0x00000000fc780000,0x00000000fc800000)
 ParOldGen       total 44032K, used 30512K [0x00000000c0400000, 0x00000000c2f00000, 0x00000000eac00000)
  object space 44032K, 69% used [0x00000000c0400000,0x00000000c21cc370,0x00000000c2f00000)
 Metaspace       used 14978K, capacity 15195K, committed 15488K, reserved 1062912K
  class space    used 1546K, capacity 1622K, committed 1664K, reserved 1048576K
}
Event: 37.536 GC heap before
{Heap before GC invocations=283 (full 0):
 PSYoungGen      total 139776K, used 139392K [0x00000000eac00000, 0x00000000fc880000, 0x0000000100000000)
  eden space 139264K, 100% used [0x00000000eac00000,0x00000000f3400000,0x00000000f3400000)
  from space 512K, 25% used [0x00000000fc800000,0x00000000fc820000,0x00000000fc880000)
  to   space 512K, 0% used [0x00000000fc780000,0x00000000fc780000,0x00000000fc800000)
 ParOldGen       total 44032K, used 30512K [0x00000000c0400000, 0x00000000c2f00000, 0x00000000eac00000)
  object space 44032K, 69% used [0x00000000c0400000,0x00000000c21cc370,0x00000000c2f00000)
 Metaspace       used 14978K, capacity 15195K, committed 15488K, reserved 1062912K
  class space    used 1546K, capacity 1622K, committed 1664K, reserved 1048576K
Event: 37.537 GC heap after
Heap after GC invocations=283 (full 0):
 PSYoungGen      total 133632K, used 128K [0x00000000eac00000, 0x00000000fc880000, 0x0000000100000000)
  eden space 133120K, 0% used [0x00000000eac00000,0x00000000eac00000,0x00000000f2e00000)
  from space 512K, 25% used [0x00000000fc780000,0x00000000fc7a0000,0x00000000fc800000)
  to   space 512K, 0% used [0x00000000fc800000,0x00000000fc800000,0x00000000fc880000)
 ParOldGen       total 44032K, used 30528K [0x00000000c0400000, 0x00000000c2f00000, 0x00000000eac00000)
  object space 44032K, 69% used [0x00000000c0400000,0x00000000c21d0370,0x00000000c2f00000)
 Metaspace       used 14978K, capacity 15195K, committed 15488K, reserved 1062912K
  class space    used 1546K, capacity 1622K, committed 1664K, reserved 1048576K
}
Event: 37.685 GC heap before
{Heap before GC invocations=284 (full 0):
 PSYoungGen      total 133632K, used 133248K [0x00000000eac00000, 0x00000000fc880000, 0x0000000100000000)
  eden space 133120K, 100% used [0x00000000eac00000,0x00000000f2e00000,0x00000000f2e00000)
  from space 512K, 25% used [0x00000000fc780000,0x00000000fc7a0000,0x00000000fc800000)
  to   space 512K, 0% used [0x00000000fc800000,0x00000000fc800000,0x00000000fc880000)
 ParOldGen       total 44032K, used 30528K [0x00000000c0400000, 0x00000000c2f00000, 0x00000000eac00000)
  object space 44032K, 69% used [0x00000000c0400000,0x00000000c21d0370,0x00000000c2f00000)
 Metaspace       used 14978K, capacity 15195K, committed 15488K, reserved 1062912K
  class space    used 1546K, capacity 1622K, committed 1664K, reserved 1048576K
Event: 37.686 GC heap after
Heap after GC invocations=284 (full 0):
 PSYoungGen      total 128000K, used 128K [0x00000000eac00000, 0x00000000fc880000, 0x0000000100000000)
  eden space 127488K, 0% used [0x00000000eac00000,0x00000000eac00000,0x00000000f2880000)
  from space 512K, 25% used [0x00000000fc800000,0x00000000fc820000,0x00000000fc880000)
  to   space 512K, 0% used [0x00000000fc780000,0x00000000fc780000,0x00000000fc800000)
 ParOldGen       total 44032K, used 30552K [0x00000000c0400000, 0x00000000c2f00000, 0x00000000eac00000)
  object space 44032K, 69% used [0x00000000c0400000,0x00000000c21d6370,0x00000000c2f00000)
 Metaspace       used 14978K, capacity 15195K, committed 15488K, reserved 1062912K
  class space    used 1546K, capacity 1622K, committed 1664K, reserved 1048576K
}
Event: 37.834 GC heap before
{Heap before GC invocations=285 (full 0):
 PSYoungGen      total 128000K, used 127616K [0x00000000eac00000, 0x00000000fc880000, 0x0000000100000000)
  eden space 127488K, 100% used [0x00000000eac00000,0x00000000f2880000,0x00000000f2880000)
  from space 512K, 25% used [0x00000000fc800000,0x00000000fc820000,0x00000000fc880000)
  to   space 512K, 0% used [0x00000000fc780000,0x00000000fc780000,0x00000000fc800000)
 ParOldGen       total 44032K, used 30552K [0x00000000c0400000, 0x00000000c2f00000, 0x00000000eac00000)
  object space 44032K, 69% used [0x00000000c0400000,0x00000000c21d6370,0x00000000c2f00000)
 Metaspace       used 14978K, capacity 15195K, committed 15488K, reserved 1062912K
  class space    used 1546K, capacity 1622K, committed 1664K, reserved 1048576K
Event: 37.835 GC heap after
Heap after GC invocations=285 (full 0):
 PSYoungGen      total 122368K, used 128K [0x00000000eac00000, 0x00000000fc880000, 0x0000000100000000)
  eden space 121856K, 0% used [0x00000000eac00000,0x00000000eac00000,0x00000000f2300000)
  from space 512K, 25% used [0x00000000fc780000,0x00000000fc7a0000,0x00000000fc800000)
  to   space 512K, 0% used [0x00000000fc800000,0x00000000fc800000,0x00000000fc880000)
 ParOldGen       total 44032K, used 30568K [0x00000000c0400000, 0x00000000c2f00000, 0x00000000eac00000)
  object space 44032K, 69% used [0x00000000c0400000,0x00000000c21da370,0x00000000c2f00000)
 Metaspace       used 14978K, capacity 15195K, committed 15488K, reserved 1062912K
  class space    used 1546K, capacity 1622K, committed 1664K, reserved 1048576K
}
Event: 37.968 GC heap before
{Heap before GC invocations=286 (full 0):
 PSYoungGen      total 122368K, used 121984K [0x00000000eac00000, 0x00000000fc880000, 0x0000000100000000)
  eden space 121856K, 100% used [0x00000000eac00000,0x00000000f2300000,0x00000000f2300000)
  from space 512K, 25% used [0x00000000fc780000,0x00000000fc7a0000,0x00000000fc800000)
  to   space 512K, 0% used [0x00000000fc800000,0x00000000fc800000,0x00000000fc880000)
 ParOldGen       total 44032K, used 30568K [0x00000000c0400000, 0x00000000c2f00000, 0x00000000eac00000)
  object space 44032K, 69% used [0x00000000c0400000,0x00000000c21da370,0x00000000c2f00000)
 Metaspace       used 14978K, capacity 15195K, committed 15488K, reserved 1062912K
  class space    used 1546K, capacity 1622K, committed 1664K, reserved 1048576K
Event: 37.969 GC heap after
Heap after GC invocations=286 (full 0):
 PSYoungGen      total 117248K, used 128K [0x00000000eac00000, 0x00000000fc880000, 0x0000000100000000)
  eden space 116736K, 0% used [0x00000000eac00000,0x00000000eac00000,0x00000000f1e00000)
  from space 512K, 25% used [0x00000000fc800000,0x00000000fc820000,0x00000000fc880000)
  to   space 512K, 0% used [0x00000000fc780000,0x00000000fc780000,0x00000000fc800000)
 ParOldGen       total 44032K, used 30584K [0x00000000c0400000, 0x00000000c2f00000, 0x00000000eac00000)
  object space 44032K, 69% used [0x00000000c0400000,0x00000000c21de370,0x00000000c2f00000)
 Metaspace       used 14978K, capacity 15195K, committed 15488K, reserved 1062912K
  class space    used 1546K, capacity 1622K, committed 1664K, reserved 1048576K
}

Deoptimization events (10 events):
Event: 3.884 Thread 0x000000005e8b3800 Uncommon trap: reason=unstable_if action=reinterpret pc=0x000000000304d014 method=com.grillecube.engine.world.Terrain.getBlockFastly(III)Lcom/grillecube/engine/world/block/Block; @ 24
Event: 4.795 Thread 0x000000005e8b3800 Uncommon trap: reason=unstable_if action=reinterpret pc=0x00000000030b0388 method=com.grillecube.engine.world.Terrain.getBlockFastly(III)Lcom/grillecube/engine/world/block/Block; @ 24
Event: 6.979 Thread 0x0000000002218000 Uncommon trap: reason=class_check action=maybe_recompile pc=0x0000000002ee4224 method=java.util.AbstractCollection.toArray([Ljava/lang/Object;)[Ljava/lang/Object; @ 1
Event: 7.099 Thread 0x0000000002218000 Uncommon trap: reason=class_check action=maybe_recompile pc=0x0000000002ee4224 method=java.util.AbstractCollection.toArray([Ljava/lang/Object;)[Ljava/lang/Object; @ 1
Event: 7.448 Thread 0x0000000002218000 Uncommon trap: reason=class_check action=maybe_recompile pc=0x0000000002ee4224 method=java.util.AbstractCollection.toArray([Ljava/lang/Object;)[Ljava/lang/Object; @ 1
Event: 33.254 Thread 0x0000000002218000 Uncommon trap: reason=unstable_if action=reinterpret pc=0x00000000032c67e4 method=com.grillecube.engine.maths.Matrix4f.createTransformationMatrix(Lcom/grillecube/engine/maths/Matrix4f;Lcom/grillecube/engine/maths/Vector3f;Lcom/grillecube/engine/maths/Vecto
Event: 33.254 Thread 0x0000000002218000 Uncommon trap: reason=unstable_if action=reinterpret pc=0x0000000002b3e45c method=java.lang.AbstractStringBuilder.append(I)Ljava/lang/AbstractStringBuilder; @ 16
Event: 33.254 Thread 0x0000000002218000 Uncommon trap: reason=unstable_if action=reinterpret pc=0x0000000003377c08 method=java.lang.Integer.getChars(II[C)V @ 7
Event: 37.987 Thread 0x000000005e49e000 Uncommon trap: reason=unstable_if action=reinterpret pc=0x0000000002bb898c method=com.grillecube.engine.renderer.gui.font.FontModel.getTextWidth()F @ 92
Event: 38.084 Thread 0x0000000002218000 Uncommon trap: reason=unhandled action=none pc=0x000000000334839c method=java.util.concurrent.FutureTask.report(I)Ljava/lang/Object; @ 24

Internal exceptions (10 events):
Event: 2.005 Thread 0x0000000002218000 Exception <a 'java/lang/ArrayIndexOutOfBoundsException': 239> (0x00000000ebb06a98) thrown at [C:\re\workspace\8-2-build-windows-amd64-cygwin\jdk8u101\7261\hotspot\src\share\vm\interpreter\interpreterRuntime.cpp, line 366]
Event: 2.005 Thread 0x0000000002218000 Exception <a 'java/lang/ArrayIndexOutOfBoundsException': 234> (0x00000000ebb08928) thrown at [C:\re\workspace\8-2-build-windows-amd64-cygwin\jdk8u101\7261\hotspot\src\share\vm\interpreter\interpreterRuntime.cpp, line 366]
Event: 2.005 Thread 0x0000000002218000 Exception <a 'java/lang/ArrayIndexOutOfBoundsException': 233> (0x00000000ebb0a7b8) thrown at [C:\re\workspace\8-2-build-windows-amd64-cygwin\jdk8u101\7261\hotspot\src\share\vm\interpreter\interpreterRuntime.cpp, line 366]
Event: 2.005 Thread 0x0000000002218000 Exception <a 'java/lang/ArrayIndexOutOfBoundsException': 232> (0x00000000ebb0c648) thrown at [C:\re\workspace\8-2-build-windows-amd64-cygwin\jdk8u101\7261\hotspot\src\share\vm\interpreter\interpreterRuntime.cpp, line 366]
Event: 2.005 Thread 0x0000000002218000 Exception <a 'java/lang/ArrayIndexOutOfBoundsException': 226> (0x00000000ebb0e4d8) thrown at [C:\re\workspace\8-2-build-windows-amd64-cygwin\jdk8u101\7261\hotspot\src\share\vm\interpreter\interpreterRuntime.cpp, line 366]
Event: 2.005 Thread 0x0000000002218000 Exception <a 'java/lang/ArrayIndexOutOfBoundsException': 224> (0x00000000ebb10368) thrown at [C:\re\workspace\8-2-build-windows-amd64-cygwin\jdk8u101\7261\hotspot\src\share\vm\interpreter\interpreterRuntime.cpp, line 366]
Event: 2.006 Thread 0x0000000002218000 Exception <a 'java/lang/ArrayIndexOutOfBoundsException': 235> (0x00000000ebb60478) thrown at [C:\re\workspace\8-2-build-windows-amd64-cygwin\jdk8u101\7261\hotspot\src\share\vm\interpreter\interpreterRuntime.cpp, line 366]
Event: 2.006 Thread 0x0000000002218000 Exception <a 'java/lang/ArrayIndexOutOfBoundsException': 231> (0x00000000ebb62318) thrown at [C:\re\workspace\8-2-build-windows-amd64-cygwin\jdk8u101\7261\hotspot\src\share\vm\interpreter\interpreterRuntime.cpp, line 366]
Event: 2.006 Thread 0x0000000002218000 Exception <a 'java/lang/ArrayIndexOutOfBoundsException': 183> (0x00000000ebb95c48) thrown at [C:\re\workspace\8-2-build-windows-amd64-cygwin\jdk8u101\7261\hotspot\src\share\vm\interpreter\interpreterRuntime.cpp, line 366]
Event: 33.254 Thread 0x0000000002218000 Implicit null exception at 0x00000000032c6164 to 0x00000000032c67c9

Events (10 events):
Event: 38.084 Thread 0x0000000002218000 DEOPT UNPACKING pc=0x0000000002a6787f sp=0x000000000274f2b8 mode 1
Event: 38.084 Thread 0x0000000002218000 DEOPT PACKING pc=0x0000000003310984 sp=0x000000000274f5f0
Event: 38.084 Thread 0x0000000002218000 DEOPT UNPACKING pc=0x0000000002a6787f sp=0x000000000274f338 mode 1
Event: 38.084 Thread 0x0000000002218000 Uncommon trap: trap_request=0xffffffa7 fr.pc=0x000000000334839c
Event: 38.084 Thread 0x0000000002218000 DEOPT PACKING pc=0x000000000334839c sp=0x000000000274f6f0
Event: 38.084 Thread 0x0000000002218000 DEOPT UNPACKING pc=0x0000000002a6582a sp=0x000000000274f5e0 mode 2
Event: 38.104 Thread 0x00000000567fd000 flushing nmethod 0x0000000002f1d910
Event: 38.109 Thread 0x00000000567fd000 flushing nmethod 0x0000000003281550
Event: 38.109 Thread 0x00000000567fd000 flushing nmethod 0x000000000329c8d0
Event: 38.109 Thread 0x00000000567fd000 flushing nmethod 0x00000000032fff10


Dynamic libraries:
0x000000013f630000 - 0x000000013f667000 	C:\Program Files\Java\jre1.8.0_101\bin\javaw.exe
0x00000000778f0000 - 0x0000000077a9a000 	C:\Windows\SYSTEM32\ntdll.dll
0x00000000776d0000 - 0x00000000777ef000 	C:\Windows\system32\kernel32.dll
0x000007fefd720000 - 0x000007fefd78a000 	C:\Windows\system32\KERNELBASE.dll
0x000007feff0e0000 - 0x000007feff1bb000 	C:\Windows\system32\ADVAPI32.dll
0x000007feff040000 - 0x000007feff0df000 	C:\Windows\system32\msvcrt.dll
0x000007fefdc90000 - 0x000007fefdcaf000 	C:\Windows\SYSTEM32\sechost.dll
0x000007fefdcc0000 - 0x000007fefdded000 	C:\Windows\system32\RPCRT4.dll
0x00000000777f0000 - 0x00000000778ea000 	C:\Windows\system32\USER32.dll
0x000007fefddf0000 - 0x000007fefde57000 	C:\Windows\system32\GDI32.dll
0x000007fefdcb0000 - 0x000007fefdcbe000 	C:\Windows\system32\LPK.dll
0x000007fefdeb0000 - 0x000007fefdf7a000 	C:\Windows\system32\USP10.dll
0x000007fefbe10000 - 0x000007fefc004000 	C:\Windows\WinSxS\amd64_microsoft.windows.common-controls_6595b64144ccf1df_6.0.7601.18837_none_fa3b1e3d17594757\COMCTL32.dll
0x000007feff690000 - 0x000007feff701000 	C:\Windows\system32\SHLWAPI.dll
0x000007feffbd0000 - 0x000007feffbfe000 	C:\Windows\system32\IMM32.DLL
0x000007feffac0000 - 0x000007feffbc9000 	C:\Windows\system32\MSCTF.dll
0x000000006cbf0000 - 0x000000006ccc2000 	C:\Program Files\Java\jre1.8.0_101\bin\msvcr100.dll
0x0000000071fb0000 - 0x000000007284a000 	C:\Program Files\Java\jre1.8.0_101\bin\server\jvm.dll
0x000007fef8a30000 - 0x000007fef8a39000 	C:\Windows\system32\WSOCK32.dll
0x000007fefde60000 - 0x000007fefdead000 	C:\Windows\system32\WS2_32.dll
0x000007feff680000 - 0x000007feff688000 	C:\Windows\system32\NSI.dll
0x000007fefa460000 - 0x000007fefa49b000 	C:\Windows\system32\WINMM.dll
0x000007fefc6b0000 - 0x000007fefc6bc000 	C:\Windows\system32\VERSION.dll
0x0000000077ab0000 - 0x0000000077ab7000 	C:\Windows\system32\PSAPI.DLL
0x0000000074a50000 - 0x0000000074a5f000 	C:\Program Files\Java\jre1.8.0_101\bin\verify.dll
0x0000000074a20000 - 0x0000000074a49000 	C:\Program Files\Java\jre1.8.0_101\bin\java.dll
0x000000006cff0000 - 0x000000006d025000 	C:\Program Files\Java\jre1.8.0_101\bin\jdwp.dll
0x000000006e220000 - 0x000000006e228000 	C:\Program Files\Java\jre1.8.0_101\bin\npt.dll
0x0000000074a00000 - 0x0000000074a16000 	C:\Program Files\Java\jre1.8.0_101\bin\zip.dll
0x000007fefe2b0000 - 0x000007feff039000 	C:\Windows\system32\SHELL32.dll
0x000007feff1c0000 - 0x000007feff3c3000 	C:\Windows\system32\ole32.dll
0x000007fefd640000 - 0x000007fefd64f000 	C:\Windows\system32\profapi.dll
0x000000006e560000 - 0x000000006e569000 	C:\Program Files\Java\jre1.8.0_101\bin\dt_socket.dll
0x000007fefb720000 - 0x000007fefb735000 	C:\Windows\system32\NLAapi.dll
0x000007fef6b50000 - 0x000007fef6b65000 	C:\Windows\system32\napinsp.dll
0x000007fef6b30000 - 0x000007fef6b49000 	C:\Windows\system32\pnrpnsp.dll
0x000007fefcdd0000 - 0x000007fefce25000 	C:\Windows\System32\mswsock.dll
0x000007fefcc50000 - 0x000007fefccab000 	C:\Windows\system32\DNSAPI.dll
0x000007fef4df0000 - 0x000007fef4dfb000 	C:\Windows\System32\winrnr.dll
0x000007fef9d50000 - 0x000007fef9d7e000 	C:\Program Files\Common Files\Microsoft Shared\Windows Live\WLIDNSP.DLL
0x000007fefb510000 - 0x000007fefb537000 	C:\Windows\system32\IPHLPAPI.DLL
0x000007fefb540000 - 0x000007fefb54b000 	C:\Windows\system32\WINNSI.DLL
0x000007fefb440000 - 0x000007fefb493000 	C:\Windows\System32\fwpuclnt.dll
0x000007fef9d40000 - 0x000007fef9d48000 	C:\Windows\system32\rasadhlp.dll
0x000007fefc780000 - 0x000007fefc787000 	C:\Windows\System32\wshtcpip.dll
0x000007fefce30000 - 0x000007fefce48000 	C:\Windows\system32\CRYPTSP.dll
0x000007fefcb30000 - 0x000007fefcb77000 	C:\Windows\system32\rsaenh.dll
0x000007fefd840000 - 0x000007fefd85e000 	C:\Windows\system32\USERENV.dll
0x000007fefd4d0000 - 0x000007fefd4df000 	C:\Windows\system32\CRYPTBASE.dll
0x00000000749e0000 - 0x00000000749fa000 	C:\Program Files\Java\jre1.8.0_101\bin\net.dll
0x000007fefcdc0000 - 0x000007fefcdc7000 	C:\Windows\System32\wship6.dll
0x000007fefb410000 - 0x000007fefb421000 	C:\Windows\system32\dhcpcsvc6.DLL
0x000007fefb3b0000 - 0x000007fefb3c8000 	C:\Windows\system32\dhcpcsvc.DLL
0x00000000749c0000 - 0x00000000749d1000 	C:\Program Files\Java\jre1.8.0_101\bin\nio.dll
0x000007fef00e0000 - 0x000007fef01f6000 	C:\Users\Romain\AppData\Local\Temp\lwjglRomain\9383be33\lwjgl.dll
0x000007feea360000 - 0x000007feea363000 	C:\Windows\system32\api-ms-win-core-synch-l1-2-0.DLL
0x000007fef4fc0000 - 0x000007fef4ffc000 	C:\Users\Romain\AppData\Local\Temp\lwjglRomain\9383be33\glfw.dll
0x000007fefbc30000 - 0x000007fefbc86000 	C:\Windows\system32\uxtheme.dll
0x000007fef3e50000 - 0x000007fef3e8c000 	C:\Windows\system32\dinput8.dll
0x0000000000390000 - 0x00000000003ae000 	C:\Windows\system32\xinput1_3.dll
0x000007fefd9f0000 - 0x000007fefdbc7000 	C:\Windows\system32\SETUPAPI.dll
0x000007fefd6d0000 - 0x000007fefd706000 	C:\Windows\system32\CFGMGR32.dll
0x000007feff9e0000 - 0x000007feffab8000 	C:\Windows\system32\OLEAUT32.dll
0x000007fefd9d0000 - 0x000007fefd9ea000 	C:\Windows\system32\DEVOBJ.dll
0x000007fefb120000 - 0x000007fefb138000 	C:\Windows\system32\dwmapi.dll
0x000007fef0200000 - 0x000007fef031d000 	C:\Windows\system32\opengl32.dll
0x000007fef3d50000 - 0x000007fef3d7d000 	C:\Windows\system32\GLU32.dll
0x000007fef03d0000 - 0x000007fef04c1000 	C:\Windows\system32\DDRAW.dll
0x000007fefa430000 - 0x000007fefa438000 	C:\Windows\system32\DCIMAN32.dll
0x000007fefb140000 - 0x000007fefb14b000 	C:\Windows\system32\HID.DLL
0x000007fefd690000 - 0x000007fefd6cb000 	C:\Windows\system32\WINTRUST.dll
0x000007fefd860000 - 0x000007fefd9cd000 	C:\Windows\system32\CRYPT32.dll
0x000007fefd630000 - 0x000007fefd63f000 	C:\Windows\system32\MSASN1.dll
0x0000000069500000 - 0x000000006a8b9000 	C:\Windows\system32\nvoglv64.DLL
0x000007fef3d10000 - 0x000007fef3d4b000 	C:\Users\Romain\AppData\Local\Temp\lwjglRomain\9383be33\jemalloc.dll
0x000007feed260000 - 0x000007feed337000 	C:\Users\Romain\AppData\Local\Temp\lwjglRomain\9383be33\OpenAL.dll
0x000007feff3d0000 - 0x000007feff469000 	C:\Windows\system32\CLBCatQ.DLL
0x000007fefb990000 - 0x000007fefb9db000 	C:\Windows\System32\MMDevApi.dll
0x000007fefbc90000 - 0x000007fefbdbc000 	C:\Windows\System32\PROPSYS.dll
0x000007fef0050000 - 0x000007fef00d8000 	C:\Windows\system32\dsound.dll
0x000007fefb9e0000 - 0x000007fefba0c000 	C:\Windows\system32\POWRPROF.dll
0x000007fef7e60000 - 0x000007fef7eaf000 	C:\Windows\system32\AUDIOSES.DLL
0x00000000715e0000 - 0x0000000071778000 	C:\Program Files\Java\jre1.8.0_101\bin\awt.dll
0x000007fef3830000 - 0x000007fef3881000 	C:\Program Files (x86)\obs-studio\data\obs-plugins\win-capture\graphics-hook64.dll
0x000007fef9200000 - 0x000007fef93d5000 	C:\Windows\system32\d3d11.dll
0x000007fef93e0000 - 0x000007fef943d000 	C:\Windows\system32\dxgi.dll
0x000007fef8260000 - 0x000007fef8a2e000 	C:\Windows\system32\nvwgf2umx.dll
0x000007fefa0f0000 - 0x000007fefa333000 	C:\Windows\system32\nvapi64.dll
0x000007feeab10000 - 0x000007feead7f000 	C:\Windows\system32\D3DCompiler_43.dll
0x000007fef6fb0000 - 0x000007fef70d5000 	C:\Windows\system32\dbghelp.dll

VM Arguments:
jvm_args: -agentlib:jdwp=transport=dt_socket,suspend=y,address=localhost:51792 -Dfile.encoding=Cp1252 
java_command: com.pot.client.Main
java_class_path (initial): C:\cygwin64\home\Romain\VoxelEngine\POT\bin;C:\Users\Romain\.gradle\caches\modules-2\files-2.1\org.lwjgl\lwjgl\3.0.1-SNAPSHOT\f65bff53200491e512734335cf55778a64ef9705\lwjgl-3.0.1-SNAPSHOT.jar;C:\Users\Romain\.gradle\caches\modules-2\files-2.1\org.lwjgl\lwjgl-platform\3.0.1-SNAPSHOT\dbac9496f91af67bbad51f625aa25eab049f265d\lwjgl-platform-3.0.1-SNAPSHOT-natives-windows.jar;C:\Users\Romain\.gradle\caches\modules-2\files-2.1\org.lwjgl\lwjgl-platform\3.0.1-SNAPSHOT\35531a34ae05e12abf2dad8a40cf0bcd713b4911\lwjgl-platform-3.0.1-SNAPSHOT-natives-linux.jar;C:\Users\Romain\.gradle\caches\modules-2\files-2.1\org.lwjgl\lwjgl-platform\3.0.1-SNAPSHOT\27ac54632b3f80ef98bfa1e59a19829a25b50165\lwjgl-platform-3.0.1-SNAPSHOT-natives-osx.jar;C:\Users\Romain\.gradle\caches\modules-2\files-2.1\com.hackoeur\jglm\1.0.0\c33217595f53d8be7c2d6c0fb91905daf29e1c7e\jglm-1.0.0.jar;C:\Users\Romain\.gradle\caches\modules-2\files-2.1\io.netty\netty-all\4.0.30.Final\d83cee600887629344c2ca96e8fdeec8511c4eee\netty-all-4.0.30.Final.jar;C:\Users\Romain\.gradle\caches\modules-2\files-2.1\org.json\json\20141113\c590c04911645db2f53b9bbefd5c3fcd8ca5581d\json-20141113.jar;C:\Users\Romain\.gradle\caches\modules-2\files-2.1\junit\junit\4.8.2\c94f54227b08100974c36170dcb53329435fe5ad\junit-4.8.2.jar;C:\Users\Romain\.gradle\caches\modules-2\files-2.1\commons-collections\commons-collections\3.2\f951934aa5ae5a88d7e6dfaa6d32307d834a88be\commons-collections-3.2.jar;C:\cygwin64\home\Romain\VoxelEngine\VoxelEngine\bin;C:\cygwin64\home\Romain\VoxelEngine\ModSample\bin
Launcher Type: SUN_STANDARD

Environment Variables:
PATH=C:/Program Files/Java/jre1.8.0_101/bin/server;C:/Program Files/Java/jre1.8.0_101/bin;C:/Program Files/Java/jre1.8.0_101/lib/amd64;C:\ProgramData\Oracle\Java\javapath;C:\Program Files (x86)\HP SimplePass 2011\x64;C:\Program Files (x86)\HP SimplePass 2011\;;C:\Program Files\Common Files\Microsoft Shared\Windows Live;C:\Program Files (x86)\Common Files\Microsoft Shared\Windows Live;C:\Program Files (x86)\NVIDIA Corporation\PhysX\Common;C:\Windows\system32;C:\Windows;C:\Windows\System32\Wbem;C:\Windows\System32\WindowsPowerShell\v1.0\;C:\Program Files (x86)\Windows Live\Shared;C:\Program Files (x86)\Intel\Services\IPT\;C:\Program Files (x86)\Skype\Phone\;C:\Users\Romain\Desktop\Programmation;
USERNAME=Romain
OS=Windows_NT
PROCESSOR_IDENTIFIER=Intel64 Family 6 Model 42 Stepping 7, GenuineIntel



---------------  S Y S T E M  ---------------

OS: Windows 7 , 64 bit Build 7601 (6.1.7601.23418)

CPU:total 4 (4 cores per cpu, 1 threads per core) family 6 model 42 stepping 7, cmov, cx8, fxsr, mmx, sse, sse2, sse3, ssse3, sse4.1, sse4.2, popcnt, avx, aes, clmul, tsc, tscinvbit

Memory: 4k page, physical 4174676k(1106492k free), swap 8347492k(3874284k free)

vm_info: Java HotSpot(TM) 64-Bit Server VM (25.101-b13) for windows-amd64 JRE (1.8.0_101-b13), built on Jun 22 2016 01:21:29 by "java_re" with MS VC++ 10.0 (VS2010)

time: Thu Aug 18 01:02:13 2016
elapsed time: 38 seconds (0d 0h 0m 38s)

