#
# A fatal error has been detected by the Java Runtime Environment:
#
#  EXCEPTION_ACCESS_VIOLATION (0xc0000005) at pc=0x000007fef833c1fc, pid=1544, tid=0x00000000000008a0
#
# JRE version: Java(TM) SE Runtime Environment (8.0_101-b13) (build 1.8.0_101-b13)
# Java VM: Java HotSpot(TM) 64-Bit Server VM (25.101-b13 mixed mode windows-amd64 compressed oops)
# Problematic frame:
# C  [nvwgf2umx.dll+0xdc1fc]
#
# Failed to write core dump. Minidumps are not enabled by default on client versions of Windows
#
# If you would like to submit a bug report, please visit:
#   http://bugreport.java.com/bugreport/crash.jsp
# The crash happened outside the Java Virtual Machine in native code.
# See problematic frame for where to report the bug.
#

---------------  T H R E A D  ---------------

Current thread (0x00000000021de800):  JavaThread "main" [_thread_in_native, id=2208, stack(0x0000000002570000,0x0000000002670000)]

siginfo: ExceptionCode=0xc0000005, reading address 0x0000005a364d60c0

Registers:
RAX=0x00000000683770f0, RBX=0x000000005fcac211, RCX=0x00000059ce15ef00, RDX=0x0000000000000001
RSP=0x000000000266eab0, RBP=0x0000000000000000, RSI=0x0000000068376d10, RDI=0x00000000609d94a0
R8 =0x0000000000000001, R9 =0x0000005a364d60b0, R10=0x0000000000000000, R11=0x000000000000036b
R12=0x0000000000000001, R13=0x0000000000000000, R14=0x0000000068376bd0, R15=0x0000000000000001
RIP=0x000007fef833c1fc, EFLAGS=0x0000000000010206

Top of Stack: (sp=0x000000000266eab0)
0x000000000266eab0:   000007fef920ee30 000007fef92415bf
0x000000000266eac0:   000000005fda9538 000000005fda9538
0x000000000266ead0:   000000000266ec21 0000000100000000
0x000000000266eae0:   fffffffffffffffe 0000000000379b0c
0x000000000266eaf0:   5fcac2115fda9400 0000000100000001
0x000000000266eb00:   5fcac2100000036b 0000000068376bd0
0x000000000266eb10:   000000005fcac210 0000000000370000
0x000000000266eb20:   ffffffff00000001 0000000100000000
0x000000000266eb30:   0000000000000000 00000059ce15ef00
0x000000000266eb40:   000007fef92136b8 0000000000000001
0x000000000266eb50:   000000000266ef08 000007fef920ee30
0x000000000266eb60:   0000000000000000 000007fef926fe4f
0x000000000266eb70:   305b671e0192000d 0000000000379cd0
0x000000000266eb80:   000000005fda94e0 000007fef9210160
0x000000000266eb90:   000000005fda94f8 000007fef92270cc
0x000000000266eba0:   00000000603ebcb0 00000000776f1a0a 

Instructions: (pc=0x000007fef833c1fc)
0x000007fef833c1dc:   c8 89 44 24 54 48 8b 46 58 48 69 c9 f0 00 00 00
0x000007fef833c1ec:   4c 8d 8c 08 c0 00 00 00 48 89 8c 24 88 00 00 00
0x000007fef833c1fc:   41 8b 41 10 4c 89 4c 24 68 8b c8 c1 e9 04 0b c8
0x000007fef833c20c:   85 ca 0f 84 25 03 00 00 8b 46 7c 85 c0 74 05 83 


Register to memory mapping:

RAX=0x00000000683770f0 is an unknown value
RBX=0x000000005fcac211 is an unknown value
RCX=0x00000059ce15ef00 is an unknown value
RDX=0x0000000000000001 is an unknown value
RSP=0x000000000266eab0 is pointing into the stack for thread: 0x00000000021de800
RBP=0x0000000000000000 is an unknown value
RSI=0x0000000068376d10 is an unknown value
RDI=0x00000000609d94a0 is an unknown value
R8 =0x0000000000000001 is an unknown value
R9 =0x0000005a364d60b0 is an unknown value
R10=0x0000000000000000 is an unknown value
R11=0x000000000000036b is an unknown value
R12=0x0000000000000001 is an unknown value
R13=0x0000000000000000 is an unknown value
R14=0x0000000068376bd0 is an unknown value
R15=0x0000000000000001 is an unknown value


Stack: [0x0000000002570000,0x0000000002670000],  sp=0x000000000266eab0,  free space=1018k
Native frames: (J=compiled Java code, j=interpreted, Vv=VM code, C=native code)

Java frames: (J=compiled Java code, j=interpreted, Vv=VM code)
j  org.lwjgl.system.JNI.invokePV(JJ)V+0
j  org.lwjgl.glfw.GLFW.glfwSwapBuffers(J)V+17
j  com.grillecube.engine.opengl.GLFWWindow.flushScreen()V+4
j  com.grillecube.engine.VoxelEngineClient.onLoop()V+25
j  com.grillecube.engine.VoxelEngine.loop()V+34
j  com.pot.client.Main.main([Ljava/lang/String;)V+39
v  ~StubRoutines::call_stub

---------------  P R O C E S S  ---------------

Java Threads: ( => current thread )
  0x0000000056ae5800 JavaThread "pool-1-thread-8" [_thread_blocked, id=728, stack(0x0000000062bb0000,0x0000000062cb0000)]
  0x000000005da82000 JavaThread "pool-1-thread-7" [_thread_blocked, id=2304, stack(0x0000000062970000,0x0000000062a70000)]
  0x000000005da81000 JavaThread "pool-1-thread-6" [_thread_blocked, id=1564, stack(0x0000000062870000,0x0000000062970000)]
  0x000000005da80800 JavaThread "pool-1-thread-5" [_thread_blocked, id=2520, stack(0x00000000626d0000,0x00000000627d0000)]
  0x000000005da7b800 JavaThread "pool-1-thread-4" [_thread_blocked, id=4548, stack(0x0000000062550000,0x0000000062650000)]
  0x000000005da7b000 JavaThread "pool-1-thread-3" [_thread_blocked, id=5192, stack(0x000000005e270000,0x000000005e370000)]
  0x000000005da6f800 JavaThread "pool-1-thread-2" [_thread_blocked, id=1912, stack(0x0000000062330000,0x0000000062430000)]
  0x000000005da6f000 JavaThread "pool-1-thread-1" [_thread_blocked, id=5872, stack(0x0000000062200000,0x0000000062300000)]
  0x000000005d117800 JavaThread "AWT-Windows" daemon [_thread_in_native, id=1172, stack(0x000000005e450000,0x000000005e550000)]
  0x000000005d4fb000 JavaThread "Java2D Disposer" daemon [_thread_blocked, id=4900, stack(0x000000005c550000,0x000000005c650000)]
  0x0000000056940800 JavaThread "Service Thread" daemon [_thread_blocked, id=3528, stack(0x0000000057160000,0x0000000057260000)]
  0x00000000568c7000 JavaThread "C1 CompilerThread2" daemon [_thread_blocked, id=4928, stack(0x0000000056fc0000,0x00000000570c0000)]
  0x00000000568c6800 JavaThread "C2 CompilerThread1" daemon [_thread_blocked, id=4336, stack(0x0000000056e20000,0x0000000056f20000)]
  0x000000005517e800 JavaThread "C2 CompilerThread0" daemon [_thread_blocked, id=4072, stack(0x00000000567c0000,0x00000000568c0000)]
  0x000000005517c800 JavaThread "Attach Listener" daemon [_thread_blocked, id=6040, stack(0x0000000056680000,0x0000000056780000)]
  0x0000000055175000 JavaThread "Signal Dispatcher" daemon [_thread_blocked, id=5156, stack(0x0000000056420000,0x0000000056520000)]
  0x0000000055159800 JavaThread "Finalizer" daemon [_thread_blocked, id=6028, stack(0x00000000562b0000,0x00000000563b0000)]
  0x0000000055112800 JavaThread "Reference Handler" daemon [_thread_blocked, id=2940, stack(0x00000000560b0000,0x00000000561b0000)]
=>0x00000000021de800 JavaThread "main" [_thread_in_native, id=2208, stack(0x0000000002570000,0x0000000002670000)]

Other Threads:
  0x000000005510b000 VMThread [stack: 0x00000000561b0000,0x00000000562b0000] [id=4300]
  0x000000005695a000 WatcherThread [stack: 0x0000000057300000,0x0000000057400000] [id=5460]

VM state:not at safepoint (normal execution)

VM Mutex/Monitor currently owned by a thread: None

Heap:
 PSYoungGen      total 333312K, used 291683K [0x00000000eac00000, 0x00000000fff00000, 0x0000000100000000)
  eden space 320512K, 90% used [0x00000000eac00000,0x00000000fc8a0cd0,0x00000000fe500000)
  from space 12800K, 1% used [0x00000000ff280000,0x00000000ff2b8000,0x00000000fff00000)
  to   space 13312K, 0% used [0x00000000fe500000,0x00000000fe500000,0x00000000ff200000)
 ParOldGen       total 44032K, used 28711K [0x00000000c0400000, 0x00000000c2f00000, 0x00000000eac00000)
  object space 44032K, 65% used [0x00000000c0400000,0x00000000c2009fb0,0x00000000c2f00000)
 Metaspace       used 14612K, capacity 14815K, committed 14976K, reserved 1062912K
  class space    used 1545K, capacity 1622K, committed 1664K, reserved 1048576K

Card table byte_map: [0x0000000011d00000,0x0000000011f00000] byte_map_base: 0x00000000116fe000

Marking Bits: (ParMarkBitMap*) 0x00000000727ca6d0
 Begin Bits: [0x00000000125a0000, 0x0000000013590000)
 End Bits:   [0x0000000013590000, 0x0000000014580000)

Polling page: 0x0000000000120000

CodeCache: size=245760Kb used=7930Kb max_used=7941Kb free=237829Kb
 bounds [0x0000000002940000, 0x0000000003110000, 0x0000000011940000]
 total_blobs=2931 nmethods=2053 adapters=791
 compilation: enabled

Compilation events (10 events):
Event: 5.895 Thread 0x00000000568c7000 2057       3       com.grillecube.engine.maths.Vector4f::set (23 bytes)
Event: 5.895 Thread 0x00000000568c7000 nmethod 2057 0x0000000003101b10 code [0x0000000003101c60, 0x0000000003101dd0]
Event: 5.963 Thread 0x000000005517e800 2058       4       com.grillecube.engine.renderer.camera.CameraProjectiveWorld::onRaycastCoordinates (117 bytes)
Event: 5.978 Thread 0x000000005517e800 nmethod 2058 0x0000000003103850 code [0x0000000003103a40, 0x00000000031047e8]
Event: 6.012 Thread 0x00000000568c6800 2059       4       com.grillecube.engine.maths.Vector3f::set (17 bytes)
Event: 6.012 Thread 0x00000000568c6800 nmethod 2059 0x00000000030f4150 code [0x00000000030f4280, 0x00000000030f42d8]
Event: 6.062 Thread 0x000000005517e800 2060       4       com.grillecube.engine.maths.Maths::abs (13 bytes)
Event: 6.062 Thread 0x00000000568c6800 2061       4       java.util.Random::next (47 bytes)
Event: 6.062 Thread 0x000000005517e800 nmethod 2060 0x00000000030fbfd0 code [0x00000000030fc120, 0x00000000030fc198]
Event: 6.063 Thread 0x00000000568c6800 nmethod 2061 0x0000000003107d90 code [0x0000000003107ec0, 0x0000000003107f78]

GC Heap History (10 events):
Event: 3.072 GC heap before
{Heap before GC invocations=10 (full 0):
 PSYoungGen      total 145408K, used 139068K [0x00000000eac00000, 0x00000000f9500000, 0x0000000100000000)
  eden space 131072K, 100% used [0x00000000eac00000,0x00000000f2c00000,0x00000000f2c00000)
  from space 14336K, 55% used [0x00000000f2c00000,0x00000000f33cf070,0x00000000f3a00000)
  to   space 14336K, 0% used [0x00000000f8700000,0x00000000f8700000,0x00000000f9500000)
 ParOldGen       total 44032K, used 23363K [0x00000000c0400000, 0x00000000c2f00000, 0x00000000eac00000)
  object space 44032K, 53% used [0x00000000c0400000,0x00000000c1ad0f30,0x00000000c2f00000)
 Metaspace       used 14407K, capacity 14623K, committed 14976K, reserved 1062912K
  class space    used 1540K, capacity 1622K, committed 1664K, reserved 1048576K
Event: 3.077 GC heap after
Heap after GC invocations=10 (full 0):
 PSYoungGen      total 223232K, used 2168K [0x00000000eac00000, 0x00000000f9400000, 0x0000000100000000)
  eden space 209920K, 0% used [0x00000000eac00000,0x00000000eac00000,0x00000000f7900000)
  from space 13312K, 16% used [0x00000000f8700000,0x00000000f891e080,0x00000000f9400000)
  to   space 13824K, 0% used [0x00000000f7900000,0x00000000f7900000,0x00000000f8680000)
 ParOldGen       total 44032K, used 27971K [0x00000000c0400000, 0x00000000c2f00000, 0x00000000eac00000)
  object space 44032K, 63% used [0x00000000c0400000,0x00000000c1f50f80,0x00000000c2f00000)
 Metaspace       used 14407K, capacity 14623K, committed 14976K, reserved 1062912K
  class space    used 1540K, capacity 1622K, committed 1664K, reserved 1048576K
}
Event: 3.186 GC heap before
{Heap before GC invocations=11 (full 0):
 PSYoungGen      total 223232K, used 212088K [0x00000000eac00000, 0x00000000f9400000, 0x0000000100000000)
  eden space 209920K, 100% used [0x00000000eac00000,0x00000000f7900000,0x00000000f7900000)
  from space 13312K, 16% used [0x00000000f8700000,0x00000000f891e080,0x00000000f9400000)
  to   space 13824K, 0% used [0x00000000f7900000,0x00000000f7900000,0x00000000f8680000)
 ParOldGen       total 44032K, used 27971K [0x00000000c0400000, 0x00000000c2f00000, 0x00000000eac00000)
  object space 44032K, 63% used [0x00000000c0400000,0x00000000c1f50f80,0x00000000c2f00000)
 Metaspace       used 14424K, capacity 14687K, committed 14976K, reserved 1062912K
  class space    used 1544K, capacity 1622K, committed 1664K, reserved 1048576K
Event: 3.199 GC heap after
Heap after GC invocations=11 (full 0):
 PSYoungGen      total 223744K, used 1096K [0x00000000eac00000, 0x0000000100000000, 0x0000000100000000)
  eden space 209920K, 0% used [0x00000000eac00000,0x00000000eac00000,0x00000000f7900000)
  from space 13824K, 7% used [0x00000000f7900000,0x00000000f7a12030,0x00000000f8680000)
  to   space 13824K, 0% used [0x00000000ff280000,0x00000000ff280000,0x0000000100000000)
 ParOldGen       total 44032K, used 28215K [0x00000000c0400000, 0x00000000c2f00000, 0x00000000eac00000)
  object space 44032K, 64% used [0x00000000c0400000,0x00000000c1f8df90,0x00000000c2f00000)
 Metaspace       used 14424K, capacity 14687K, committed 14976K, reserved 1062912K
  class space    used 1544K, capacity 1622K, committed 1664K, reserved 1048576K
}
Event: 4.305 GC heap before
{Heap before GC invocations=12 (full 0):
 PSYoungGen      total 223744K, used 211016K [0x00000000eac00000, 0x0000000100000000, 0x0000000100000000)
  eden space 209920K, 100% used [0x00000000eac00000,0x00000000f7900000,0x00000000f7900000)
  from space 13824K, 7% used [0x00000000f7900000,0x00000000f7a12030,0x00000000f8680000)
  to   space 13824K, 0% used [0x00000000ff280000,0x00000000ff280000,0x0000000100000000)
 ParOldGen       total 44032K, used 28215K [0x00000000c0400000, 0x00000000c2f00000, 0x00000000eac00000)
  object space 44032K, 64% used [0x00000000c0400000,0x00000000c1f8df90,0x00000000c2f00000)
 Metaspace       used 14545K, capacity 14815K, committed 14976K, reserved 1062912K
  class space    used 1545K, capacity 1622K, committed 1664K, reserved 1048576K
Event: 4.307 GC heap after
Heap after GC invocations=12 (full 0):
 PSYoungGen      total 334336K, used 496K [0x00000000eac00000, 0x0000000100000000, 0x0000000100000000)
  eden space 320512K, 0% used [0x00000000eac00000,0x00000000eac00000,0x00000000fe500000)
  from space 13824K, 3% used [0x00000000ff280000,0x00000000ff2fc010,0x0000000100000000)
  to   space 13824K, 0% used [0x00000000fe500000,0x00000000fe500000,0x00000000ff280000)
 ParOldGen       total 44032K, used 28239K [0x00000000c0400000, 0x00000000c2f00000, 0x00000000eac00000)
  object space 44032K, 64% used [0x00000000c0400000,0x00000000c1f93f90,0x00000000c2f00000)
 Metaspace       used 14545K, capacity 14815K, committed 14976K, reserved 1062912K
  class space    used 1545K, capacity 1622K, committed 1664K, reserved 1048576K
}
Event: 4.667 GC heap before
{Heap before GC invocations=13 (full 0):
 PSYoungGen      total 334336K, used 321008K [0x00000000eac00000, 0x0000000100000000, 0x0000000100000000)
  eden space 320512K, 100% used [0x00000000eac00000,0x00000000fe500000,0x00000000fe500000)
  from space 13824K, 3% used [0x00000000ff280000,0x00000000ff2fc010,0x0000000100000000)
  to   space 13824K, 0% used [0x00000000fe500000,0x00000000fe500000,0x00000000ff280000)
 ParOldGen       total 44032K, used 28239K [0x00000000c0400000, 0x00000000c2f00000, 0x00000000eac00000)
  object space 44032K, 64% used [0x00000000c0400000,0x00000000c1f93f90,0x00000000c2f00000)
 Metaspace       used 14545K, capacity 14815K, committed 14976K, reserved 1062912K
  class space    used 1545K, capacity 1622K, committed 1664K, reserved 1048576K
Event: 4.669 GC heap after
Heap after GC invocations=13 (full 0):
 PSYoungGen      total 334336K, used 896K [0x00000000eac00000, 0x0000000100000000, 0x0000000100000000)
  eden space 320512K, 0% used [0x00000000eac00000,0x00000000eac00000,0x00000000fe500000)
  from space 13824K, 6% used [0x00000000fe500000,0x00000000fe5e0000,0x00000000ff280000)
  to   space 13824K, 0% used [0x00000000ff280000,0x00000000ff280000,0x0000000100000000)
 ParOldGen       total 44032K, used 28503K [0x00000000c0400000, 0x00000000c2f00000, 0x00000000eac00000)
  object space 44032K, 64% used [0x00000000c0400000,0x00000000c1fd5fb0,0x00000000c2f00000)
 Metaspace       used 14545K, capacity 14815K, committed 14976K, reserved 1062912K
  class space    used 1545K, capacity 1622K, committed 1664K, reserved 1048576K
}
Event: 5.277 GC heap before
{Heap before GC invocations=14 (full 0):
 PSYoungGen      total 334336K, used 321408K [0x00000000eac00000, 0x0000000100000000, 0x0000000100000000)
  eden space 320512K, 100% used [0x00000000eac00000,0x00000000fe500000,0x00000000fe500000)
  from space 13824K, 6% used [0x00000000fe500000,0x00000000fe5e0000,0x00000000ff280000)
  to   space 13824K, 0% used [0x00000000ff280000,0x00000000ff280000,0x0000000100000000)
 ParOldGen       total 44032K, used 28503K [0x00000000c0400000, 0x00000000c2f00000, 0x00000000eac00000)
  object space 44032K, 64% used [0x00000000c0400000,0x00000000c1fd5fb0,0x00000000c2f00000)
 Metaspace       used 14580K, capacity 14815K, committed 14976K, reserved 1062912K
  class space    used 1545K, capacity 1622K, committed 1664K, reserved 1048576K
Event: 5.278 GC heap after
Heap after GC invocations=14 (full 0):
 PSYoungGen      total 333312K, used 224K [0x00000000eac00000, 0x00000000fff00000, 0x0000000100000000)
  eden space 320512K, 0% used [0x00000000eac00000,0x00000000eac00000,0x00000000fe500000)
  from space 12800K, 1% used [0x00000000ff280000,0x00000000ff2b8000,0x00000000fff00000)
  to   space 13312K, 0% used [0x00000000fe500000,0x00000000fe500000,0x00000000ff200000)
 ParOldGen       total 44032K, used 28711K [0x00000000c0400000, 0x00000000c2f00000, 0x00000000eac00000)
  object space 44032K, 65% used [0x00000000c0400000,0x00000000c2009fb0,0x00000000c2f00000)
 Metaspace       used 14580K, capacity 14815K, committed 14976K, reserved 1062912K
  class space    used 1545K, capacity 1622K, committed 1664K, reserved 1048576K
}

Deoptimization events (10 events):
Event: 3.267 Thread 0x000000005da6f000 Uncommon trap: reason=bimorphic action=maybe_recompile pc=0x0000000002f4fa4c method=com.grillecube.engine.renderer.world.terrain.TerrainMesherGreedy.getFacesVisibility(Lcom/grillecube/engine/world/Terrain;Ljava/util/Stack;)[[[[Lcom/grillecube/engine/render/EÞR³^
@
Event: 3.296 Thread 0x000000005da6f000 Uncommon trap: reason=unstable_if action=reinterpret pc=0x0000000002f690ac method=com.grillecube.engine.renderer.world.terrain.TerrainMesherGreedy.getVertexStack(Lcom/grillecube/engine/world/Terrain;)Ljava/util/Stack; @ 423
Event: 3.297 Thread 0x000000005da6f000 Uncommon trap: reason=unstable_if action=reinterpret pc=0x0000000002f43434 method=com.grillecube.engine.renderer.world.terrain.TerrainMesherGreedy.getVertexStack(Lcom/grillecube/engine/world/Terrain;)Ljava/util/Stack; @ 107
Event: 3.349 Thread 0x000000005da6f000 Uncommon trap: reason=unstable_if action=reinterpret pc=0x0000000002f7245c method=com.grillecube.engine.world.Terrain.getRelativeTerrain(Lcom/grillecube/engine/maths/Vector3i;)Lcom/grillecube/engine/world/Terrain; @ 34
Event: 3.425 Thread 0x000000005da6f000 Uncommon trap: reason=unstable_if action=reinterpret pc=0x0000000002f87944 method=com.grillecube.engine.world.Terrain.getBlockFastly(III)Lcom/grillecube/engine/world/block/Block; @ 24
Event: 3.477 Thread 0x00000000021de800 Uncommon trap: reason=class_check action=maybe_recompile pc=0x0000000002db0674 method=java.util.AbstractCollection.toArray([Ljava/lang/Object;)[Ljava/lang/Object; @ 1
Event: 3.560 Thread 0x000000005da6f800 Uncommon trap: reason=unstable_if action=reinterpret pc=0x0000000002fa3774 method=com.grillecube.engine.world.Terrain.getLight(III)B @ 24
Event: 3.915 Thread 0x000000005da6f000 Uncommon trap: reason=unstable_if action=reinterpret pc=0x0000000003011c54 method=com.grillecube.engine.renderer.world.terrain.TerrainMesherGreedy.getVertexStack(Lcom/grillecube/engine/world/Terrain;)Ljava/util/Stack; @ 465
Event: 4.282 Thread 0x00000000021de800 Uncommon trap: reason=class_check action=maybe_recompile pc=0x0000000002db0674 method=java.util.AbstractCollection.toArray([Ljava/lang/Object;)[Ljava/lang/Object; @ 1
Event: 4.844 Thread 0x00000000021de800 Uncommon trap: reason=class_check action=maybe_recompile pc=0x0000000002db0674 method=java.util.AbstractCollection.toArray([Ljava/lang/Object;)[Ljava/lang/Object; @ 1

Internal exceptions (10 events):
Event: 1.638 Thread 0x00000000021de800 Exception <a 'java/lang/ArrayIndexOutOfBoundsException': 244> (0x00000000eb967ad0) thrown at [C:\re\workspace\8-2-build-windows-amd64-cygwin\jdk8u101\7261\hotspot\src\share\vm\interpreter\interpreterRuntime.cpp, line 366]
Event: 1.639 Thread 0x00000000021de800 Exception <a 'java/lang/ArrayIndexOutOfBoundsException': 239> (0x00000000eb9697a8) thrown at [C:\re\workspace\8-2-build-windows-amd64-cygwin\jdk8u101\7261\hotspot\src\share\vm\interpreter\interpreterRuntime.cpp, line 366]
Event: 1.639 Thread 0x00000000021de800 Exception <a 'java/lang/ArrayIndexOutOfBoundsException': 234> (0x00000000eb96b480) thrown at [C:\re\workspace\8-2-build-windows-amd64-cygwin\jdk8u101\7261\hotspot\src\share\vm\interpreter\interpreterRuntime.cpp, line 366]
Event: 1.639 Thread 0x00000000021de800 Exception <a 'java/lang/ArrayIndexOutOfBoundsException': 233> (0x00000000ebb6d188) thrown at [C:\re\workspace\8-2-build-windows-amd64-cygwin\jdk8u101\7261\hotspot\src\share\vm\interpreter\interpreterRuntime.cpp, line 366]
Event: 1.639 Thread 0x00000000021de800 Exception <a 'java/lang/ArrayIndexOutOfBoundsException': 232> (0x00000000ebb6ee60) thrown at [C:\re\workspace\8-2-build-windows-amd64-cygwin\jdk8u101\7261\hotspot\src\share\vm\interpreter\interpreterRuntime.cpp, line 366]
Event: 1.639 Thread 0x00000000021de800 Exception <a 'java/lang/ArrayIndexOutOfBoundsException': 226> (0x00000000ebb70b38) thrown at [C:\re\workspace\8-2-build-windows-amd64-cygwin\jdk8u101\7261\hotspot\src\share\vm\interpreter\interpreterRuntime.cpp, line 366]
Event: 1.639 Thread 0x00000000021de800 Exception <a 'java/lang/ArrayIndexOutOfBoundsException': 224> (0x00000000ebb72810) thrown at [C:\re\workspace\8-2-build-windows-amd64-cygwin\jdk8u101\7261\hotspot\src\share\vm\interpreter\interpreterRuntime.cpp, line 366]
Event: 1.639 Thread 0x00000000021de800 Exception <a 'java/lang/ArrayIndexOutOfBoundsException': 235> (0x00000000ebbbdbc8) thrown at [C:\re\workspace\8-2-build-windows-amd64-cygwin\jdk8u101\7261\hotspot\src\share\vm\interpreter\interpreterRuntime.cpp, line 366]
Event: 1.639 Thread 0x00000000021de800 Exception <a 'java/lang/ArrayIndexOutOfBoundsException': 231> (0x00000000ebbbf8b0) thrown at [C:\re\workspace\8-2-build-windows-amd64-cygwin\jdk8u101\7261\hotspot\src\share\vm\interpreter\interpreterRuntime.cpp, line 366]
Event: 1.639 Thread 0x00000000021de800 Exception <a 'java/lang/ArrayIndexOutOfBoundsException': 183> (0x00000000ebbf0008) thrown at [C:\re\workspace\8-2-build-windows-amd64-cygwin\jdk8u101\7261\hotspot\src\share\vm\interpreter\interpreterRuntime.cpp, line 366]

Events (10 events):
Event: 4.844 Thread 0x00000000021de800 DEOPT PACKING pc=0x0000000002db0674 sp=0x000000000266f100
Event: 4.844 Thread 0x00000000021de800 DEOPT UNPACKING pc=0x000000000298582a sp=0x000000000266f0c8 mode 2
Event: 5.244 Thread 0x000000005da6f000 DEOPT PACKING pc=0x00000000030a45bd sp=0x00000000622ff470
Event: 5.244 Thread 0x000000005da6f000 DEOPT UNPACKING pc=0x000000000298787f sp=0x00000000622ff210 mode 0
Event: 5.277 Executing VM operation: ParallelGCFailedAllocation
Event: 5.278 Executing VM operation: ParallelGCFailedAllocation done
Event: 5.678 Thread 0x000000005da82000 DEOPT PACKING pc=0x00000000030bced6 sp=0x0000000062a6ec60
Event: 5.678 Thread 0x000000005da82000 DEOPT UNPACKING pc=0x000000000298787f sp=0x0000000062a6ea00 mode 0
Event: 5.678 Thread 0x000000005da82000 DEOPT PACKING pc=0x00000000030c218f sp=0x0000000062a6ed50
Event: 5.678 Thread 0x000000005da82000 DEOPT UNPACKING pc=0x000000000298787f sp=0x0000000062a6ea78 mode 0


Dynamic libraries:
0x000000013fa80000 - 0x000000013fab7000 	C:\Program Files\Java\jre1.8.0_101\bin\javaw.exe
0x00000000778f0000 - 0x0000000077a9a000 	C:\Windows\SYSTEM32\ntdll.dll
0x00000000776d0000 - 0x00000000777ef000 	C:\Windows\system32\kernel32.dll
0x000007fefd720000 - 0x000007fefd78a000 	C:\Windows\system32\KERNELBASE.dll
0x000007feff0e0000 - 0x000007feff1bb000 	C:\Windows\system32\ADVAPI32.dll
0x000007feff040000 - 0x000007feff0df000 	C:\Windows\system32\msvcrt.dll
0x000007fefdc90000 - 0x000007fefdcaf000 	C:\Windows\SYSTEM32\sechost.dll
0x000007fefdcc0000 - 0x000007fefdded000 	C:\Windows\system32\RPCRT4.dll
0x00000000777f0000 - 0x00000000778ea000 	C:\Windows\system32\USER32.dll
0x000007fefddf0000 - 0x000007fefde57000 	C:\Windows\system32\GDI32.dll
0x000007fefdcb0000 - 0x000007fefdcbe000 	C:\Windows\system32\LPK.dll
0x000007fefdeb0000 - 0x000007fefdf7a000 	C:\Windows\system32\USP10.dll
0x000007fefbe10000 - 0x000007fefc004000 	C:\Windows\WinSxS\amd64_microsoft.windows.common-controls_6595b64144ccf1df_6.0.7601.18837_none_fa3b1e3d17594757\COMCTL32.dll
0x000007feff690000 - 0x000007feff701000 	C:\Windows\system32\SHLWAPI.dll
0x000007feffbd0000 - 0x000007feffbfe000 	C:\Windows\system32\IMM32.DLL
0x000007feffac0000 - 0x000007feffbc9000 	C:\Windows\system32\MSCTF.dll
0x000000006ccd0000 - 0x000000006cda2000 	C:\Program Files\Java\jre1.8.0_101\bin\msvcr100.dll
0x0000000071fb0000 - 0x000000007284a000 	C:\Program Files\Java\jre1.8.0_101\bin\server\jvm.dll
0x000007fef8a30000 - 0x000007fef8a39000 	C:\Windows\system32\WSOCK32.dll
0x000007fefde60000 - 0x000007fefdead000 	C:\Windows\system32\WS2_32.dll
0x000007feff680000 - 0x000007feff688000 	C:\Windows\system32\NSI.dll
0x000007fefa460000 - 0x000007fefa49b000 	C:\Windows\system32\WINMM.dll
0x000007fefc6b0000 - 0x000007fefc6bc000 	C:\Windows\system32\VERSION.dll
0x0000000077ab0000 - 0x0000000077ab7000 	C:\Windows\system32\PSAPI.DLL
0x0000000074a50000 - 0x0000000074a5f000 	C:\Program Files\Java\jre1.8.0_101\bin\verify.dll
0x0000000074a20000 - 0x0000000074a49000 	C:\Program Files\Java\jre1.8.0_101\bin\java.dll
0x0000000074a00000 - 0x0000000074a16000 	C:\Program Files\Java\jre1.8.0_101\bin\zip.dll
0x000007fefe2b0000 - 0x000007feff039000 	C:\Windows\system32\SHELL32.dll
0x000007feff1c0000 - 0x000007feff3c3000 	C:\Windows\system32\ole32.dll
0x000007fefd640000 - 0x000007fefd64f000 	C:\Windows\system32\profapi.dll
0x000007fefce30000 - 0x000007fefce48000 	C:\Windows\system32\CRYPTSP.dll
0x000007fefcb30000 - 0x000007fefcb77000 	C:\Windows\system32\rsaenh.dll
0x000007fefd840000 - 0x000007fefd85e000 	C:\Windows\system32\USERENV.dll
0x000007fefd4d0000 - 0x000007fefd4df000 	C:\Windows\system32\CRYPTBASE.dll
0x00000000749e0000 - 0x00000000749fa000 	C:\Program Files\Java\jre1.8.0_101\bin\net.dll
0x000007fefcdd0000 - 0x000007fefce25000 	C:\Windows\system32\mswsock.dll
0x000007fefcdc0000 - 0x000007fefcdc7000 	C:\Windows\System32\wship6.dll
0x000007fefb510000 - 0x000007fefb537000 	C:\Windows\system32\IPHLPAPI.DLL
0x000007fefb540000 - 0x000007fefb54b000 	C:\Windows\system32\WINNSI.DLL
0x000007fefb410000 - 0x000007fefb421000 	C:\Windows\system32\dhcpcsvc6.DLL
0x000007fefb3b0000 - 0x000007fefb3c8000 	C:\Windows\system32\dhcpcsvc.DLL
0x00000000749c0000 - 0x00000000749d1000 	C:\Program Files\Java\jre1.8.0_101\bin\nio.dll
0x000007fef0200000 - 0x000007fef0316000 	C:\Users\Romain\AppData\Local\Temp\lwjglRomain\9383be33\lwjgl.dll
0x000007feea360000 - 0x000007feea363000 	C:\Windows\system32\api-ms-win-core-synch-l1-2-0.DLL
0x000007fef9f10000 - 0x000007fef9f4c000 	C:\Users\Romain\AppData\Local\Temp\lwjglRomain\9383be33\glfw.dll
0x000007fefbc30000 - 0x000007fefbc86000 	C:\Windows\system32\uxtheme.dll
0x000007fefacf0000 - 0x000007fefad2c000 	C:\Windows\system32\dinput8.dll
0x0000000012060000 - 0x000000001207e000 	C:\Windows\system32\xinput1_3.dll
0x000007fefd9f0000 - 0x000007fefdbc7000 	C:\Windows\system32\SETUPAPI.dll
0x000007fefd6d0000 - 0x000007fefd706000 	C:\Windows\system32\CFGMGR32.dll
0x000007feff9e0000 - 0x000007feffab8000 	C:\Windows\system32\OLEAUT32.dll
0x000007fefd9d0000 - 0x000007fefd9ea000 	C:\Windows\system32\DEVOBJ.dll
0x000007fefb120000 - 0x000007fefb138000 	C:\Windows\system32\dwmapi.dll
0x000007fef00e0000 - 0x000007fef01fd000 	C:\Windows\system32\opengl32.dll
0x000007fef7cc0000 - 0x000007fef7ced000 	C:\Windows\system32\GLU32.dll
0x000007fef4c00000 - 0x000007fef4cf1000 	C:\Windows\system32\DDRAW.dll
0x000007fefbdf0000 - 0x000007fefbdf8000 	C:\Windows\system32\DCIMAN32.dll
0x000007fefb140000 - 0x000007fefb14b000 	C:\Windows\system32\HID.DLL
0x000007fefd690000 - 0x000007fefd6cb000 	C:\Windows\system32\WINTRUST.dll
0x000007fefd860000 - 0x000007fefd9cd000 	C:\Windows\system32\CRYPT32.dll
0x000007fefd630000 - 0x000007fefd63f000 	C:\Windows\system32\MSASN1.dll
0x0000000069500000 - 0x000000006a8b9000 	C:\Windows\system32\nvoglv64.DLL
0x000007fef7c80000 - 0x000007fef7cbb000 	C:\Users\Romain\AppData\Local\Temp\lwjglRomain\9383be33\jemalloc.dll
0x000007fef03f0000 - 0x000007fef04c7000 	C:\Users\Romain\AppData\Local\Temp\lwjglRomain\9383be33\OpenAL.dll
0x000007feff3d0000 - 0x000007feff469000 	C:\Windows\system32\CLBCatQ.DLL
0x000007fefb990000 - 0x000007fefb9db000 	C:\Windows\System32\MMDevApi.dll
0x000007fefbc90000 - 0x000007fefbdbc000 	C:\Windows\System32\PROPSYS.dll
0x000007fef3cf0000 - 0x000007fef3d78000 	C:\Windows\system32\dsound.dll
0x000007fefb9e0000 - 0x000007fefba0c000 	C:\Windows\system32\POWRPROF.dll
0x000007fef7e60000 - 0x000007fef7eaf000 	C:\Windows\system32\AUDIOSES.DLL
0x00000000715e0000 - 0x0000000071778000 	C:\Program Files\Java\jre1.8.0_101\bin\awt.dll
0x000007fef3830000 - 0x000007fef3881000 	C:\Program Files (x86)\obs-studio\data\obs-plugins\win-capture\graphics-hook64.dll
0x000007fef9200000 - 0x000007fef93d5000 	C:\Windows\system32\d3d11.dll
0x000007fef93e0000 - 0x000007fef943d000 	C:\Windows\system32\dxgi.dll
0x000007fef8260000 - 0x000007fef8a2e000 	C:\Windows\system32\nvwgf2umx.dll
0x000007fefa0f0000 - 0x000007fefa333000 	C:\Windows\system32\nvapi64.dll
0x000007fef6fb0000 - 0x000007fef70d5000 	C:\Windows\system32\dbghelp.dll

VM Arguments:
jvm_args: -Dfile.encoding=Cp1252 
java_command: com.pot.client.Main
java_class_path (initial): C:\cygwin64\home\Romain\VoxelEngine\POT\bin;C:\Users\Romain\.gradle\caches\modules-2\files-2.1\org.lwjgl\lwjgl\3.0.1-SNAPSHOT\f65bff53200491e512734335cf55778a64ef9705\lwjgl-3.0.1-SNAPSHOT.jar;C:\Users\Romain\.gradle\caches\modules-2\files-2.1\org.lwjgl\lwjgl-platform\3.0.1-SNAPSHOT\dbac9496f91af67bbad51f625aa25eab049f265d\lwjgl-platform-3.0.1-SNAPSHOT-natives-windows.jar;C:\Users\Romain\.gradle\caches\modules-2\files-2.1\org.lwjgl\lwjgl-platform\3.0.1-SNAPSHOT\35531a34ae05e12abf2dad8a40cf0bcd713b4911\lwjgl-platform-3.0.1-SNAPSHOT-natives-linux.jar;C:\Users\Romain\.gradle\caches\modules-2\files-2.1\org.lwjgl\lwjgl-platform\3.0.1-SNAPSHOT\27ac54632b3f80ef98bfa1e59a19829a25b50165\lwjgl-platform-3.0.1-SNAPSHOT-natives-osx.jar;C:\Users\Romain\.gradle\caches\modules-2\files-2.1\com.hackoeur\jglm\1.0.0\c33217595f53d8be7c2d6c0fb91905daf29e1c7e\jglm-1.0.0.jar;C:\Users\Romain\.gradle\caches\modules-2\files-2.1\io.netty\netty-all\4.0.30.Final\d83cee600887629344c2ca96e8fdeec8511c4eee\netty-all-4.0.30.Final.jar;C:\Users\Romain\.gradle\caches\modules-2\files-2.1\org.json\json\20141113\c590c04911645db2f53b9bbefd5c3fcd8ca5581d\json-20141113.jar;C:\Users\Romain\.gradle\caches\modules-2\files-2.1\junit\junit\4.8.2\c94f54227b08100974c36170dcb53329435fe5ad\junit-4.8.2.jar;C:\Users\Romain\.gradle\caches\modules-2\files-2.1\commons-collections\commons-collections\3.2\f951934aa5ae5a88d7e6dfaa6d32307d834a88be\commons-collections-3.2.jar;C:\cygwin64\home\Romain\VoxelEngine\VoxelEngine\bin;C:\cygwin64\home\Romain\VoxelEngine\ModSample\bin
Launcher Type: SUN_STANDARD

Environment Variables:
PATH=C:/Program Files/Java/jre1.8.0_101/bin/server;C:/Program Files/Java/jre1.8.0_101/bin;C:/Program Files/Java/jre1.8.0_101/lib/amd64;C:\ProgramData\Oracle\Java\javapath;C:\Program Files (x86)\HP SimplePass 2011\x64;C:\Program Files (x86)\HP SimplePass 2011\;;C:\Program Files\Common Files\Microsoft Shared\Windows Live;C:\Program Files (x86)\Common Files\Microsoft Shared\Windows Live;C:\Program Files (x86)\NVIDIA Corporation\PhysX\Common;C:\Windows\system32;C:\Windows;C:\Windows\System32\Wbem;C:\Windows\System32\WindowsPowerShell\v1.0\;C:\Program Files (x86)\Windows Live\Shared;C:\Program Files (x86)\Intel\Services\IPT\;C:\Program Files (x86)\Skype\Phone\;C:\Users\Romain\Desktop\Programmation;
USERNAME=Romain
OS=Windows_NT
PROCESSOR_IDENTIFIER=Intel64 Family 6 Model 42 Stepping 7, GenuineIntel



---------------  S Y S T E M  ---------------

OS: Windows 7 , 64 bit Build 7601 (6.1.7601.23418)

CPU:total 4 (4 cores per cpu, 1 threads per core) family 6 model 42 stepping 7, cmov, cx8, fxsr, mmx, sse, sse2, sse3, ssse3, sse4.1, sse4.2, popcnt, avx, aes, clmul, tsc, tscinvbit

Memory: 4k page, physical 4174676k(1822508k free), swap 8347492k(4932784k free)

vm_info: Java HotSpot(TM) 64-Bit Server VM (25.101-b13) for windows-amd64 JRE (1.8.0_101-b13), built on Jun 22 2016 01:21:29 by "java_re" with MS VC++ 10.0 (VS2010)

time: Thu Aug 18 01:07:19 2016
elapsed time: 6 seconds (0d 0h 0m 6s)

