#
# A fatal error has been detected by the Java Runtime Environment:
#
#  EXCEPTION_ACCESS_VIOLATION (0xc0000005) at pc=0x000007fef833c1fc, pid=1188, tid=0x0000000000000720
#
# JRE version: Java(TM) SE Runtime Environment (8.0_101-b13) (build 1.8.0_101-b13)
# Java VM: Java HotSpot(TM) 64-Bit Server VM (25.101-b13 mixed mode windows-amd64 compressed oops)
# Problematic frame:
# C  [nvwgf2umx.dll+0xdc1fc]
#
# Failed to write core dump. Minidumps are not enabled by default on client versions of Windows
#
# If you would like to submit a bug report, please visit:
#   http://bugreport.java.com/bugreport/crash.jsp
# The crash happened outside the Java Virtual Machine in native code.
# See problematic frame for where to report the bug.
#

---------------  T H R E A D  ---------------

Current thread (0x000000000231e800):  JavaThread "main" [_thread_in_native, id=1824, stack(0x0000000002510000,0x0000000002610000)]

siginfo: ExceptionCode=0xc0000005, reading address 0x0000005abf64bf50

Registers:
RAX=0x0000000068db7180, RBX=0x00000000605c4e31, RCX=0x0000005a56894d00, RDX=0x0000000000000001
RSP=0x000000000260ef70, RBP=0x0000000000000000, RSI=0x0000000068db6da0, RDI=0x00000000627494a0
R8 =0x0000000000000001, R9 =0x0000005abf64bf40, R10=0x0000000000000000, R11=0x000000000000036b
R12=0x0000000000000001, R13=0x0000000000000000, R14=0x0000000068db6c60, R15=0x0000000000000001
RIP=0x000007fef833c1fc, EFLAGS=0x0000000000010206

Top of Stack: (sp=0x000000000260ef70)
0x000000000260ef70:   000007fef920ee30 000007fef92415bf
0x000000000260ef80:   0000000060569338 0000000060569338
0x000000000260ef90:   000000000260f0e1 0000000100000000
0x000000000260efa0:   fffffffffffffffe 00000000003f9b0c
0x000000000260efb0:   605c4e3160569200 0000000100000001
0x000000000260efc0:   605c4e300000036b 0000000068db6c60
0x000000000260efd0:   00000000605c4e30 0000000000000000
0x000000000260efe0:   ffffffff00000001 0000000100000000
0x000000000260eff0:   0000000000000000 0000005a56894d00
0x000000000260f000:   000007fef92136b8 0000000000000001
0x000000000260f010:   000000000260f3c8 000007fef920ee30
0x000000000260f020:   0000000000000000 000007fef926fe4f
0x000000000260f030:   0000014800120009 00000000003f9cd0
0x000000000260f040:   00000000605692e0 000007fef9210160
0x000000000260f050:   00000000605692f8 000007fef92270cc
0x000000000260f060:   000000006b9d2b00 00000000776f1a0a 

Instructions: (pc=0x000007fef833c1fc)
0x000007fef833c1dc:   c8 89 44 24 54 48 8b 46 58 48 69 c9 f0 00 00 00
0x000007fef833c1ec:   4c 8d 8c 08 c0 00 00 00 48 89 8c 24 88 00 00 00
0x000007fef833c1fc:   41 8b 41 10 4c 89 4c 24 68 8b c8 c1 e9 04 0b c8
0x000007fef833c20c:   85 ca 0f 84 25 03 00 00 8b 46 7c 85 c0 74 05 83 


Register to memory mapping:

RAX=0x0000000068db7180 is an unknown value
RBX=0x00000000605c4e31 is an unknown value
RCX=0x0000005a56894d00 is an unknown value
RDX=0x0000000000000001 is an unknown value
RSP=0x000000000260ef70 is pointing into the stack for thread: 0x000000000231e800
RBP=0x0000000000000000 is an unknown value
RSI=0x0000000068db6da0 is an unknown value
RDI=0x00000000627494a0 is an unknown value
R8 =0x0000000000000001 is an unknown value
R9 =0x0000005abf64bf40 is an unknown value
R10=0x0000000000000000 is an unknown value
R11=0x000000000000036b is an unknown value
R12=0x0000000000000001 is an unknown value
R13=0x0000000000000000 is an unknown value
R14=0x0000000068db6c60 is an unknown value
R15=0x0000000000000001 is an unknown value


Stack: [0x0000000002510000,0x0000000002610000],  sp=0x000000000260ef70,  free space=1019k
Native frames: (J=compiled Java code, j=interpreted, Vv=VM code, C=native code)

Java frames: (J=compiled Java code, j=interpreted, Vv=VM code)
j  org.lwjgl.system.JNI.invokePV(JJ)V+0
j  org.lwjgl.glfw.GLFW.glfwSwapBuffers(J)V+17
j  com.grillecube.engine.opengl.GLFWWindow.flushScreen()V+4
j  com.grillecube.engine.VoxelEngineClient.onLoop()V+25
j  com.grillecube.engine.VoxelEngine.loop()V+34
j  com.pot.client.Main.main([Ljava/lang/String;)V+39
v  ~StubRoutines::call_stub

---------------  P R O C E S S  ---------------

Java Threads: ( => current thread )
  0x0000000056ba7800 JavaThread "pool-1-thread-8" [_thread_blocked, id=5772, stack(0x0000000062a80000,0x0000000062b80000)]
  0x0000000056ba7000 JavaThread "pool-1-thread-7" [_thread_blocked, id=1252, stack(0x0000000062820000,0x0000000062920000)]
  0x0000000056ba6000 JavaThread "pool-1-thread-6" [_thread_blocked, id=5016, stack(0x00000000610a0000,0x00000000611a0000)]
  0x0000000056ba5800 JavaThread "pool-1-thread-5" [_thread_blocked, id=1428, stack(0x00000000611a0000,0x00000000612a0000)]
  0x0000000056ba4800 JavaThread "pool-1-thread-4" [_thread_blocked, id=5316, stack(0x0000000060f00000,0x0000000061000000)]
  0x0000000056ba4000 JavaThread "pool-1-thread-3" [_thread_blocked, id=6068, stack(0x000000005e9b0000,0x000000005eab0000)]
  0x0000000056ba3000 JavaThread "pool-1-thread-2" [_thread_blocked, id=192, stack(0x000000005e8b0000,0x000000005e9b0000)]
  0x0000000056ba1000 JavaThread "pool-1-thread-1" [_thread_blocked, id=4540, stack(0x000000005e700000,0x000000005e800000)]
  0x0000000056ba1800 JavaThread "AWT-Windows" daemon [_thread_in_native, id=5308, stack(0x000000005ec10000,0x000000005ed10000)]
  0x0000000056ba0000 JavaThread "Java2D Disposer" daemon [_thread_blocked, id=2636, stack(0x000000005e520000,0x000000005e620000)]
  0x0000000056b9f800 JavaThread "Service Thread" daemon [_thread_blocked, id=1684, stack(0x00000000570c0000,0x00000000571c0000)]
  0x0000000056b24000 JavaThread "C1 CompilerThread2" daemon [_thread_blocked, id=2460, stack(0x0000000056570000,0x0000000056670000)]
  0x0000000056b23000 JavaThread "C2 CompilerThread1" daemon [_thread_blocked, id=5076, stack(0x0000000056f80000,0x0000000057080000)]
  0x000000005522b000 JavaThread "C2 CompilerThread0" daemon [_thread_blocked, id=4828, stack(0x0000000056a20000,0x0000000056b20000)]
  0x0000000055228800 JavaThread "Attach Listener" daemon [_thread_blocked, id=1524, stack(0x0000000056880000,0x0000000056980000)]
  0x0000000055225000 JavaThread "Signal Dispatcher" daemon [_thread_blocked, id=3988, stack(0x00000000566b0000,0x00000000567b0000)]
  0x0000000055209800 JavaThread "Finalizer" daemon [_thread_blocked, id=4920, stack(0x0000000056450000,0x0000000056550000)]
  0x00000000551c2800 JavaThread "Reference Handler" daemon [_thread_blocked, id=5072, stack(0x0000000056260000,0x0000000056360000)]
=>0x000000000231e800 JavaThread "main" [_thread_in_native, id=1824, stack(0x0000000002510000,0x0000000002610000)]

Other Threads:
  0x00000000551bb000 VMThread [stack: 0x00000000560c0000,0x00000000561c0000] [id=5392]
  0x0000000056bd3800 WatcherThread [stack: 0x0000000057330000,0x0000000057430000] [id=3832]

VM state:not at safepoint (normal execution)

VM Mutex/Monitor currently owned by a thread: None

Heap:
 PSYoungGen      total 333824K, used 120868K [0x00000000eac00000, 0x00000000fff00000, 0x0000000100000000)
  eden space 320512K, 37% used [0x00000000eac00000,0x00000000f20f13b0,0x00000000fe500000)
  from space 13312K, 8% used [0x00000000fe500000,0x00000000fe618000,0x00000000ff200000)
  to   space 12800K, 0% used [0x00000000ff280000,0x00000000ff280000,0x00000000fff00000)
 ParOldGen       total 44032K, used 27861K [0x00000000c0400000, 0x00000000c2f00000, 0x00000000eac00000)
  object space 44032K, 63% used [0x00000000c0400000,0x00000000c1f35748,0x00000000c2f00000)
 Metaspace       used 14633K, capacity 14943K, committed 15232K, reserved 1062912K
  class space    used 1546K, capacity 1622K, committed 1664K, reserved 1048576K

Card table byte_map: [0x0000000011ca0000,0x0000000011ea0000] byte_map_base: 0x000000001169e000

Marking Bits: (ParMarkBitMap*) 0x00000000727ca6d0
 Begin Bits: [0x0000000012650000, 0x0000000013640000)
 End Bits:   [0x0000000013640000, 0x0000000014630000)

Polling page: 0x0000000000130000

CodeCache: size=245760Kb used=7868Kb max_used=7872Kb free=237891Kb
 bounds [0x00000000028e0000, 0x00000000030a0000, 0x00000000118e0000]
 total_blobs=2957 nmethods=2079 adapters=791
 compilation: enabled

Compilation events (10 events):
Event: 6.732 Thread 0x000000005522b000 2111       4       com.grillecube.engine.maths.Matrix4f::rotateZ (241 bytes)
Event: 6.733 Thread 0x0000000056b24000 nmethod 2109% 0x0000000003089710 code [0x0000000003089ca0, 0x000000000308d348]
Event: 6.734 Thread 0x0000000056b23000 nmethod 2110 0x0000000003076550 code [0x00000000030766c0, 0x00000000030768f8]
Event: 6.734 Thread 0x000000005522b000 nmethod 2111 0x0000000003064fd0 code [0x0000000003065140, 0x0000000003065378]
Event: 6.734 Thread 0x0000000056b23000 2112       4       com.grillecube.engine.maths.Matrix4f::scale (170 bytes)
Event: 6.735 Thread 0x0000000056b23000 nmethod 2112 0x0000000003076b90 code [0x0000000003076cc0, 0x0000000003076dd8]
Event: 6.748 Thread 0x0000000056b24000 2113   !   3       java.util.concurrent.AbstractExecutorService::invokeAll (485 bytes)
Event: 6.750 Thread 0x000000005522b000 2114       4       com.grillecube.engine.renderer.world.terrain.TerrainRenderer::bindTextureAtlas (127 bytes)
Event: 6.751 Thread 0x0000000056b24000 nmethod 2113 0x0000000003090850 code [0x0000000003090de0, 0x0000000003093f88]
Event: 6.755 Thread 0x000000005522b000 nmethod 2114 0x000000000307a410 code [0x000000000307a5e0, 0x000000000307aa18]

GC Heap History (10 events):
Event: 4.490 GC heap before
{Heap before GC invocations=11 (full 0):
 PSYoungGen      total 333824K, used 319808K [0x00000000eac00000, 0x0000000100000000, 0x0000000100000000)
  eden space 319488K, 100% used [0x00000000eac00000,0x00000000fe400000,0x00000000fe400000)
  from space 14336K, 2% used [0x00000000ff200000,0x00000000ff250000,0x0000000100000000)
  to   space 14336K, 0% used [0x00000000fe400000,0x00000000fe400000,0x00000000ff200000)
 ParOldGen       total 44032K, used 27089K [0x00000000c0400000, 0x00000000c2f00000, 0x00000000eac00000)
  object space 44032K, 61% used [0x00000000c0400000,0x00000000c1e74700,0x00000000c2f00000)
 Metaspace       used 14548K, capacity 14815K, committed 14976K, reserved 1062912K
  class space    used 1545K, capacity 1622K, committed 1664K, reserved 1048576K
Event: 4.491 GC heap after
Heap after GC invocations=11 (full 0):
 PSYoungGen      total 320512K, used 736K [0x00000000eac00000, 0x00000000fff00000, 0x0000000100000000)
  eden space 319488K, 0% used [0x00000000eac00000,0x00000000eac00000,0x00000000fe400000)
  from space 1024K, 71% used [0x00000000fe400000,0x00000000fe4b8000,0x00000000fe500000)
  to   space 13824K, 0% used [0x00000000ff180000,0x00000000ff180000,0x00000000fff00000)
 ParOldGen       total 44032K, used 27217K [0x00000000c0400000, 0x00000000c2f00000, 0x00000000eac00000)
  object space 44032K, 61% used [0x00000000c0400000,0x00000000c1e94700,0x00000000c2f00000)
 Metaspace       used 14548K, capacity 14815K, committed 14976K, reserved 1062912K
  class space    used 1545K, capacity 1622K, committed 1664K, reserved 1048576K
}
Event: 4.803 GC heap before
{Heap before GC invocations=12 (full 0):
 PSYoungGen      total 320512K, used 320224K [0x00000000eac00000, 0x00000000fff00000, 0x0000000100000000)
  eden space 319488K, 100% used [0x00000000eac00000,0x00000000fe400000,0x00000000fe400000)
  from space 1024K, 71% used [0x00000000fe400000,0x00000000fe4b8000,0x00000000fe500000)
  to   space 13824K, 0% used [0x00000000ff180000,0x00000000ff180000,0x00000000fff00000)
 ParOldGen       total 44032K, used 27217K [0x00000000c0400000, 0x00000000c2f00000, 0x00000000eac00000)
  object space 44032K, 61% used [0x00000000c0400000,0x00000000c1e94700,0x00000000c2f00000)
 Metaspace       used 14567K, capacity 14815K, committed 14976K, reserved 1062912K
  class space    used 1545K, capacity 1622K, committed 1664K, reserved 1048576K
Event: 4.805 GC heap after
Heap after GC invocations=12 (full 0):
 PSYoungGen      total 333312K, used 544K [0x00000000eac00000, 0x0000000100000000, 0x0000000100000000)
  eden space 319488K, 0% used [0x00000000eac00000,0x00000000eac00000,0x00000000fe400000)
  from space 13824K, 3% used [0x00000000ff180000,0x00000000ff208000,0x00000000fff00000)
  to   space 13824K, 0% used [0x00000000fe400000,0x00000000fe400000,0x00000000ff180000)
 ParOldGen       total 44032K, used 27433K [0x00000000c0400000, 0x00000000c2f00000, 0x00000000eac00000)
  object space 44032K, 62% used [0x00000000c0400000,0x00000000c1eca700,0x00000000c2f00000)
 Metaspace       used 14567K, capacity 14815K, committed 14976K, reserved 1062912K
  class space    used 1545K, capacity 1622K, committed 1664K, reserved 1048576K
}
Event: 5.580 GC heap before
{Heap before GC invocations=13 (full 0):
 PSYoungGen      total 333312K, used 320032K [0x00000000eac00000, 0x0000000100000000, 0x0000000100000000)
  eden space 319488K, 100% used [0x00000000eac00000,0x00000000fe400000,0x00000000fe400000)
  from space 13824K, 3% used [0x00000000ff180000,0x00000000ff208000,0x00000000fff00000)
  to   space 13824K, 0% used [0x00000000fe400000,0x00000000fe400000,0x00000000ff180000)
 ParOldGen       total 44032K, used 27433K [0x00000000c0400000, 0x00000000c2f00000, 0x00000000eac00000)
  object space 44032K, 62% used [0x00000000c0400000,0x00000000c1eca700,0x00000000c2f00000)
 Metaspace       used 14618K, capacity 14815K, committed 14976K, reserved 1062912K
  class space    used 1545K, capacity 1622K, committed 1664K, reserved 1048576K
Event: 5.581 GC heap after
Heap after GC invocations=13 (full 0):
 PSYoungGen      total 333312K, used 192K [0x00000000eac00000, 0x00000000fff00000, 0x0000000100000000)
  eden space 319488K, 0% used [0x00000000eac00000,0x00000000eac00000,0x00000000fe400000)
  from space 13824K, 1% used [0x00000000fe400000,0x00000000fe430000,0x00000000ff180000)
  to   space 13312K, 0% used [0x00000000ff200000,0x00000000ff200000,0x00000000fff00000)
 ParOldGen       total 44032K, used 27673K [0x00000000c0400000, 0x00000000c2f00000, 0x00000000eac00000)
  object space 44032K, 62% used [0x00000000c0400000,0x00000000c1f06700,0x00000000c2f00000)
 Metaspace       used 14618K, capacity 14815K, committed 14976K, reserved 1062912K
  class space    used 1545K, capacity 1622K, committed 1664K, reserved 1048576K
}
Event: 6.197 GC heap before
{Heap before GC invocations=14 (full 0):
 PSYoungGen      total 333312K, used 319680K [0x00000000eac00000, 0x00000000fff00000, 0x0000000100000000)
  eden space 319488K, 100% used [0x00000000eac00000,0x00000000fe400000,0x00000000fe400000)
  from space 13824K, 1% used [0x00000000fe400000,0x00000000fe430000,0x00000000ff180000)
  to   space 13312K, 0% used [0x00000000ff200000,0x00000000ff200000,0x00000000fff00000)
 ParOldGen       total 44032K, used 27673K [0x00000000c0400000, 0x00000000c2f00000, 0x00000000eac00000)
  object space 44032K, 62% used [0x00000000c0400000,0x00000000c1f06700,0x00000000c2f00000)
 Metaspace       used 14627K, capacity 14815K, committed 14976K, reserved 1062912K
  class space    used 1545K, capacity 1622K, committed 1664K, reserved 1048576K
Event: 6.198 GC heap after
Heap after GC invocations=14 (full 0):
 PSYoungGen      total 333824K, used 576K [0x00000000eac00000, 0x00000000fff80000, 0x0000000100000000)
  eden space 320512K, 0% used [0x00000000eac00000,0x00000000eac00000,0x00000000fe500000)
  from space 13312K, 4% used [0x00000000ff200000,0x00000000ff290000,0x00000000fff00000)
  to   space 13312K, 0% used [0x00000000fe500000,0x00000000fe500000,0x00000000ff200000)
 ParOldGen       total 44032K, used 27753K [0x00000000c0400000, 0x00000000c2f00000, 0x00000000eac00000)
  object space 44032K, 63% used [0x00000000c0400000,0x00000000c1f1a700,0x00000000c2f00000)
 Metaspace       used 14627K, capacity 14815K, committed 14976K, reserved 1062912K
  class space    used 1545K, capacity 1622K, committed 1664K, reserved 1048576K
}
Event: 6.469 GC heap before
{Heap before GC invocations=15 (full 0):
 PSYoungGen      total 333824K, used 321088K [0x00000000eac00000, 0x00000000fff80000, 0x0000000100000000)
  eden space 320512K, 100% used [0x00000000eac00000,0x00000000fe500000,0x00000000fe500000)
  from space 13312K, 4% used [0x00000000ff200000,0x00000000ff290000,0x00000000fff00000)
  to   space 13312K, 0% used [0x00000000fe500000,0x00000000fe500000,0x00000000ff200000)
 ParOldGen       total 44032K, used 27753K [0x00000000c0400000, 0x00000000c2f00000, 0x00000000eac00000)
  object space 44032K, 63% used [0x00000000c0400000,0x00000000c1f1a700,0x00000000c2f00000)
 Metaspace       used 14629K, capacity 14943K, committed 15232K, reserved 1062912K
  class space    used 1546K, capacity 1622K, committed 1664K, reserved 1048576K
Event: 6.471 GC heap after
Heap after GC invocations=15 (full 0):
 PSYoungGen      total 333824K, used 1120K [0x00000000eac00000, 0x00000000fff00000, 0x0000000100000000)
  eden space 320512K, 0% used [0x00000000eac00000,0x00000000eac00000,0x00000000fe500000)
  from space 13312K, 8% used [0x00000000fe500000,0x00000000fe618000,0x00000000ff200000)
  to   space 12800K, 0% used [0x00000000ff280000,0x00000000ff280000,0x00000000fff00000)
 ParOldGen       total 44032K, used 27861K [0x00000000c0400000, 0x00000000c2f00000, 0x00000000eac00000)
  object space 44032K, 63% used [0x00000000c0400000,0x00000000c1f35748,0x00000000c2f00000)
 Metaspace       used 14629K, capacity 14943K, committed 15232K, reserved 1062912K
  class space    used 1546K, capacity 1622K, committed 1664K, reserved 1048576K
}

Deoptimization events (10 events):
Event: 3.410 Thread 0x0000000056ba1000 Uncommon trap: reason=unstable_if action=reinterpret pc=0x0000000002f416c4 method=com.grillecube.engine.world.Terrain.getBlockFastly(III)Lcom/grillecube/engine/world/block/Block; @ 116
Event: 4.218 Thread 0x000000000231e800 Uncommon trap: reason=class_check action=maybe_recompile pc=0x0000000002d59b34 method=java.util.AbstractCollection.toArray([Ljava/lang/Object;)[Ljava/lang/Object; @ 1
Event: 5.998 Thread 0x000000000231e800 Uncommon trap: reason=unstable_if action=reinterpret pc=0x000000000302b924 method=com.grillecube.engine.renderer.world.terrain.TerrainMesh.render()V @ 31
Event: 6.505 Thread 0x0000000056ba5800 Uncommon trap: reason=unstable_if action=reinterpret pc=0x0000000003015db4 method=java.util.concurrent.FutureTask.run()V @ 86
Event: 6.505 Thread 0x0000000056ba5800 Uncommon trap: reason=unstable_if action=reinterpret pc=0x000000000301f7ec method=java.util.concurrent.locks.AbstractQueuedSynchronizer.acquireInterruptibly(I)V @ 3
Event: 6.505 Thread 0x0000000056ba7000 Uncommon trap: reason=unstable_if action=reinterpret pc=0x0000000003015db4 method=java.util.concurrent.FutureTask.run()V @ 86
Event: 6.505 Thread 0x0000000056ba7000 Uncommon trap: reason=unstable_if action=reinterpret pc=0x000000000301dfc4 method=java.util.concurrent.locks.AbstractQueuedSynchronizer.acquireInterruptibly(I)V @ 3
Event: 6.506 Thread 0x0000000056ba3000 Uncommon trap: reason=unstable_if action=reinterpret pc=0x0000000003015db4 method=java.util.concurrent.FutureTask.run()V @ 86
Event: 6.506 Thread 0x0000000056ba1000 Uncommon trap: reason=unstable_if action=reinterpret pc=0x0000000003015db4 method=java.util.concurrent.FutureTask.run()V @ 86
Event: 6.617 Thread 0x000000000231e800 Uncommon trap: reason=unstable_if action=reinterpret pc=0x0000000003010c88 method=com.grillecube.engine.renderer.world.terrain.TerrainRenderer.bindTextureAtlas(Lcom/grillecube/engine/renderer/world/terrain/TerrainMesh;Lcom/grillecube/engine/renderer/camera∞‡ùH@

Internal exceptions (10 events):
Event: 1.647 Thread 0x000000000231e800 Exception <a 'java/lang/ArrayIndexOutOfBoundsException': 244> (0x00000000edd7aae8) thrown at [C:\re\workspace\8-2-build-windows-amd64-cygwin\jdk8u101\7261\hotspot\src\share\vm\interpreter\interpreterRuntime.cpp, line 366]
Event: 1.647 Thread 0x000000000231e800 Exception <a 'java/lang/ArrayIndexOutOfBoundsException': 239> (0x00000000edd7c7c0) thrown at [C:\re\workspace\8-2-build-windows-amd64-cygwin\jdk8u101\7261\hotspot\src\share\vm\interpreter\interpreterRuntime.cpp, line 366]
Event: 1.647 Thread 0x000000000231e800 Exception <a 'java/lang/ArrayIndexOutOfBoundsException': 234> (0x00000000edd7e498) thrown at [C:\re\workspace\8-2-build-windows-amd64-cygwin\jdk8u101\7261\hotspot\src\share\vm\interpreter\interpreterRuntime.cpp, line 366]
Event: 1.647 Thread 0x000000000231e800 Exception <a 'java/lang/ArrayIndexOutOfBoundsException': 233> (0x00000000edd80170) thrown at [C:\re\workspace\8-2-build-windows-amd64-cygwin\jdk8u101\7261\hotspot\src\share\vm\interpreter\interpreterRuntime.cpp, line 366]
Event: 1.647 Thread 0x000000000231e800 Exception <a 'java/lang/ArrayIndexOutOfBoundsException': 232> (0x00000000edd81e48) thrown at [C:\re\workspace\8-2-build-windows-amd64-cygwin\jdk8u101\7261\hotspot\src\share\vm\interpreter\interpreterRuntime.cpp, line 366]
Event: 1.647 Thread 0x000000000231e800 Exception <a 'java/lang/ArrayIndexOutOfBoundsException': 226> (0x00000000edd83b20) thrown at [C:\re\workspace\8-2-build-windows-amd64-cygwin\jdk8u101\7261\hotspot\src\share\vm\interpreter\interpreterRuntime.cpp, line 366]
Event: 1.647 Thread 0x000000000231e800 Exception <a 'java/lang/ArrayIndexOutOfBoundsException': 224> (0x00000000edd857f8) thrown at [C:\re\workspace\8-2-build-windows-amd64-cygwin\jdk8u101\7261\hotspot\src\share\vm\interpreter\interpreterRuntime.cpp, line 366]
Event: 1.647 Thread 0x000000000231e800 Exception <a 'java/lang/ArrayIndexOutOfBoundsException': 235> (0x00000000eddd0bb0) thrown at [C:\re\workspace\8-2-build-windows-amd64-cygwin\jdk8u101\7261\hotspot\src\share\vm\interpreter\interpreterRuntime.cpp, line 366]
Event: 1.647 Thread 0x000000000231e800 Exception <a 'java/lang/ArrayIndexOutOfBoundsException': 231> (0x00000000eddd2898) thrown at [C:\re\workspace\8-2-build-windows-amd64-cygwin\jdk8u101\7261\hotspot\src\share\vm\interpreter\interpreterRuntime.cpp, line 366]
Event: 1.648 Thread 0x000000000231e800 Exception <a 'java/lang/ArrayIndexOutOfBoundsException': 183> (0x00000000ede02ff0) thrown at [C:\re\workspace\8-2-build-windows-amd64-cygwin\jdk8u101\7261\hotspot\src\share\vm\interpreter\interpreterRuntime.cpp, line 366]

Events (10 events):
Event: 6.505 Thread 0x0000000056ba7000 DEOPT UNPACKING pc=0x000000000292582a sp=0x000000006291f0c8 mode 2
Event: 6.506 Thread 0x0000000056ba3000 Uncommon trap: trap_request=0xffffff65 fr.pc=0x0000000003015db4
Event: 6.506 Thread 0x0000000056ba3000 DEOPT PACKING pc=0x0000000003015db4 sp=0x000000005e9af1b0
Event: 6.506 Thread 0x0000000056ba3000 DEOPT UNPACKING pc=0x000000000292582a sp=0x000000005e9af130 mode 2
Event: 6.506 Thread 0x0000000056ba1000 Uncommon trap: trap_request=0xffffff65 fr.pc=0x0000000003015db4
Event: 6.506 Thread 0x0000000056ba1000 DEOPT PACKING pc=0x0000000003015db4 sp=0x000000005e7feed0
Event: 6.506 Thread 0x0000000056ba1000 DEOPT UNPACKING pc=0x000000000292582a sp=0x000000005e7fee50 mode 2
Event: 6.617 Thread 0x000000000231e800 Uncommon trap: trap_request=0xffffff65 fr.pc=0x0000000003010c88
Event: 6.617 Thread 0x000000000231e800 DEOPT PACKING pc=0x0000000003010c88 sp=0x000000000260f550
Event: 6.617 Thread 0x000000000231e800 DEOPT UNPACKING pc=0x000000000292582a sp=0x000000000260f4f0 mode 2


Dynamic libraries:
0x000000013fe60000 - 0x000000013fe97000 	C:\Program Files\Java\jre1.8.0_101\bin\javaw.exe
0x00000000778f0000 - 0x0000000077a9a000 	C:\Windows\SYSTEM32\ntdll.dll
0x00000000776d0000 - 0x00000000777ef000 	C:\Windows\system32\kernel32.dll
0x000007fefd720000 - 0x000007fefd78a000 	C:\Windows\system32\KERNELBASE.dll
0x000007feff0e0000 - 0x000007feff1bb000 	C:\Windows\system32\ADVAPI32.dll
0x000007feff040000 - 0x000007feff0df000 	C:\Windows\system32\msvcrt.dll
0x000007fefdc90000 - 0x000007fefdcaf000 	C:\Windows\SYSTEM32\sechost.dll
0x000007fefdcc0000 - 0x000007fefdded000 	C:\Windows\system32\RPCRT4.dll
0x00000000777f0000 - 0x00000000778ea000 	C:\Windows\system32\USER32.dll
0x000007fefddf0000 - 0x000007fefde57000 	C:\Windows\system32\GDI32.dll
0x000007fefdcb0000 - 0x000007fefdcbe000 	C:\Windows\system32\LPK.dll
0x000007fefdeb0000 - 0x000007fefdf7a000 	C:\Windows\system32\USP10.dll
0x000007fefbe10000 - 0x000007fefc004000 	C:\Windows\WinSxS\amd64_microsoft.windows.common-controls_6595b64144ccf1df_6.0.7601.18837_none_fa3b1e3d17594757\COMCTL32.dll
0x000007feff690000 - 0x000007feff701000 	C:\Windows\system32\SHLWAPI.dll
0x000007feffbd0000 - 0x000007feffbfe000 	C:\Windows\system32\IMM32.DLL
0x000007feffac0000 - 0x000007feffbc9000 	C:\Windows\system32\MSCTF.dll
0x000000006ccd0000 - 0x000000006cda2000 	C:\Program Files\Java\jre1.8.0_101\bin\msvcr100.dll
0x0000000071fb0000 - 0x000000007284a000 	C:\Program Files\Java\jre1.8.0_101\bin\server\jvm.dll
0x000007fef8a30000 - 0x000007fef8a39000 	C:\Windows\system32\WSOCK32.dll
0x000007fefde60000 - 0x000007fefdead000 	C:\Windows\system32\WS2_32.dll
0x000007feff680000 - 0x000007feff688000 	C:\Windows\system32\NSI.dll
0x000007fefa460000 - 0x000007fefa49b000 	C:\Windows\system32\WINMM.dll
0x000007fefc6b0000 - 0x000007fefc6bc000 	C:\Windows\system32\VERSION.dll
0x0000000077ab0000 - 0x0000000077ab7000 	C:\Windows\system32\PSAPI.DLL
0x0000000074a50000 - 0x0000000074a5f000 	C:\Program Files\Java\jre1.8.0_101\bin\verify.dll
0x0000000074a20000 - 0x0000000074a49000 	C:\Program Files\Java\jre1.8.0_101\bin\java.dll
0x0000000074a00000 - 0x0000000074a16000 	C:\Program Files\Java\jre1.8.0_101\bin\zip.dll
0x000007fefe2b0000 - 0x000007feff039000 	C:\Windows\system32\SHELL32.dll
0x000007feff1c0000 - 0x000007feff3c3000 	C:\Windows\system32\ole32.dll
0x000007fefd640000 - 0x000007fefd64f000 	C:\Windows\system32\profapi.dll
0x000007fefce30000 - 0x000007fefce48000 	C:\Windows\system32\CRYPTSP.dll
0x000007fefcb30000 - 0x000007fefcb77000 	C:\Windows\system32\rsaenh.dll
0x000007fefd840000 - 0x000007fefd85e000 	C:\Windows\system32\USERENV.dll
0x000007fefd4d0000 - 0x000007fefd4df000 	C:\Windows\system32\CRYPTBASE.dll
0x00000000749e0000 - 0x00000000749fa000 	C:\Program Files\Java\jre1.8.0_101\bin\net.dll
0x000007fefcdd0000 - 0x000007fefce25000 	C:\Windows\system32\mswsock.dll
0x000007fefcdc0000 - 0x000007fefcdc7000 	C:\Windows\System32\wship6.dll
0x000007fefb510000 - 0x000007fefb537000 	C:\Windows\system32\IPHLPAPI.DLL
0x000007fefb540000 - 0x000007fefb54b000 	C:\Windows\system32\WINNSI.DLL
0x000007fefb410000 - 0x000007fefb421000 	C:\Windows\system32\dhcpcsvc6.DLL
0x000007fefb3b0000 - 0x000007fefb3c8000 	C:\Windows\system32\dhcpcsvc.DLL
0x00000000749c0000 - 0x00000000749d1000 	C:\Program Files\Java\jre1.8.0_101\bin\nio.dll
0x000007feed220000 - 0x000007feed336000 	C:\Users\Romain\AppData\Local\Temp\lwjglRomain\9383be33\lwjgl.dll
0x000007feea360000 - 0x000007feea363000 	C:\Windows\system32\api-ms-win-core-synch-l1-2-0.DLL
0x000007fef3e50000 - 0x000007fef3e8c000 	C:\Users\Romain\AppData\Local\Temp\lwjglRomain\9383be33\glfw.dll
0x000007fefbc30000 - 0x000007fefbc86000 	C:\Windows\system32\uxtheme.dll
0x000007fef4fc0000 - 0x000007fef4ffc000 	C:\Windows\system32\dinput8.dll
0x00000000003b0000 - 0x00000000003ce000 	C:\Windows\system32\xinput1_3.dll
0x000007fefd9f0000 - 0x000007fefdbc7000 	C:\Windows\system32\SETUPAPI.dll
0x000007fefd6d0000 - 0x000007fefd706000 	C:\Windows\system32\CFGMGR32.dll
0x000007feff9e0000 - 0x000007feffab8000 	C:\Windows\system32\OLEAUT32.dll
0x000007fefd9d0000 - 0x000007fefd9ea000 	C:\Windows\system32\DEVOBJ.dll
0x000007fefb120000 - 0x000007fefb138000 	C:\Windows\system32\dwmapi.dll
0x000007feeac60000 - 0x000007feead7d000 	C:\Windows\system32\opengl32.dll
0x000007fef53c0000 - 0x000007fef53ed000 	C:\Windows\system32\GLU32.dll
0x000007fef0020000 - 0x000007fef0111000 	C:\Windows\system32\DDRAW.dll
0x000007fefbdf0000 - 0x000007fefbdf8000 	C:\Windows\system32\DCIMAN32.dll
0x000007fefb140000 - 0x000007fefb14b000 	C:\Windows\system32\HID.DLL
0x000007fefd690000 - 0x000007fefd6cb000 	C:\Windows\system32\WINTRUST.dll
0x000007fefd860000 - 0x000007fefd9cd000 	C:\Windows\system32\CRYPT32.dll
0x000007fefd630000 - 0x000007fefd63f000 	C:\Windows\system32\MSASN1.dll
0x0000000069500000 - 0x000000006a8b9000 	C:\Windows\system32\nvoglv64.DLL
0x000007fef3d40000 - 0x000007fef3d7b000 	C:\Users\Romain\AppData\Local\Temp\lwjglRomain\9383be33\jemalloc.dll
0x000007fef03f0000 - 0x000007fef04c7000 	C:\Users\Romain\AppData\Local\Temp\lwjglRomain\9383be33\OpenAL.dll
0x000007feff3d0000 - 0x000007feff469000 	C:\Windows\system32\CLBCatQ.DLL
0x000007fefb990000 - 0x000007fefb9db000 	C:\Windows\System32\MMDevApi.dll
0x000007fefbc90000 - 0x000007fefbdbc000 	C:\Windows\System32\PROPSYS.dll
0x000007fef3800000 - 0x000007fef3888000 	C:\Windows\system32\dsound.dll
0x000007fefb9e0000 - 0x000007fefba0c000 	C:\Windows\system32\POWRPROF.dll
0x000007fef7e60000 - 0x000007fef7eaf000 	C:\Windows\system32\AUDIOSES.DLL
0x00000000715e0000 - 0x0000000071778000 	C:\Program Files\Java\jre1.8.0_101\bin\awt.dll
0x000007feefc60000 - 0x000007feefcb1000 	C:\Program Files (x86)\obs-studio\data\obs-plugins\win-capture\graphics-hook64.dll
0x000007fef9200000 - 0x000007fef93d5000 	C:\Windows\system32\d3d11.dll
0x000007fef93e0000 - 0x000007fef943d000 	C:\Windows\system32\dxgi.dll
0x000007fef8260000 - 0x000007fef8a2e000 	C:\Windows\system32\nvwgf2umx.dll
0x000007fefa0f0000 - 0x000007fefa333000 	C:\Windows\system32\nvapi64.dll
0x000007fef6fb0000 - 0x000007fef70d5000 	C:\Windows\system32\dbghelp.dll

VM Arguments:
jvm_args: -Dfile.encoding=Cp1252 
java_command: com.pot.client.Main
java_class_path (initial): C:\cygwin64\home\Romain\VoxelEngine\POT\bin;C:\Users\Romain\.gradle\caches\modules-2\files-2.1\org.lwjgl\lwjgl\3.0.1-SNAPSHOT\f65bff53200491e512734335cf55778a64ef9705\lwjgl-3.0.1-SNAPSHOT.jar;C:\Users\Romain\.gradle\caches\modules-2\files-2.1\org.lwjgl\lwjgl-platform\3.0.1-SNAPSHOT\dbac9496f91af67bbad51f625aa25eab049f265d\lwjgl-platform-3.0.1-SNAPSHOT-natives-windows.jar;C:\Users\Romain\.gradle\caches\modules-2\files-2.1\org.lwjgl\lwjgl-platform\3.0.1-SNAPSHOT\35531a34ae05e12abf2dad8a40cf0bcd713b4911\lwjgl-platform-3.0.1-SNAPSHOT-natives-linux.jar;C:\Users\Romain\.gradle\caches\modules-2\files-2.1\org.lwjgl\lwjgl-platform\3.0.1-SNAPSHOT\27ac54632b3f80ef98bfa1e59a19829a25b50165\lwjgl-platform-3.0.1-SNAPSHOT-natives-osx.jar;C:\Users\Romain\.gradle\caches\modules-2\files-2.1\com.hackoeur\jglm\1.0.0\c33217595f53d8be7c2d6c0fb91905daf29e1c7e\jglm-1.0.0.jar;C:\Users\Romain\.gradle\caches\modules-2\files-2.1\io.netty\netty-all\4.0.30.Final\d83cee600887629344c2ca96e8fdeec8511c4eee\netty-all-4.0.30.Final.jar;C:\Users\Romain\.gradle\caches\modules-2\files-2.1\org.json\json\20141113\c590c04911645db2f53b9bbefd5c3fcd8ca5581d\json-20141113.jar;C:\Users\Romain\.gradle\caches\modules-2\files-2.1\junit\junit\4.8.2\c94f54227b08100974c36170dcb53329435fe5ad\junit-4.8.2.jar;C:\Users\Romain\.gradle\caches\modules-2\files-2.1\commons-collections\commons-collections\3.2\f951934aa5ae5a88d7e6dfaa6d32307d834a88be\commons-collections-3.2.jar;C:\cygwin64\home\Romain\VoxelEngine\VoxelEngine\bin;C:\cygwin64\home\Romain\VoxelEngine\ModSample\bin
Launcher Type: SUN_STANDARD

Environment Variables:
PATH=C:/Program Files/Java/jre1.8.0_101/bin/server;C:/Program Files/Java/jre1.8.0_101/bin;C:/Program Files/Java/jre1.8.0_101/lib/amd64;C:\ProgramData\Oracle\Java\javapath;C:\Program Files (x86)\HP SimplePass 2011\x64;C:\Program Files (x86)\HP SimplePass 2011\;;C:\Program Files\Common Files\Microsoft Shared\Windows Live;C:\Program Files (x86)\Common Files\Microsoft Shared\Windows Live;C:\Program Files (x86)\NVIDIA Corporation\PhysX\Common;C:\Windows\system32;C:\Windows;C:\Windows\System32\Wbem;C:\Windows\System32\WindowsPowerShell\v1.0\;C:\Program Files (x86)\Windows Live\Shared;C:\Program Files (x86)\Intel\Services\IPT\;C:\Program Files (x86)\Skype\Phone\;C:\Users\Romain\Desktop\Programmation;
USERNAME=Romain
OS=Windows_NT
PROCESSOR_IDENTIFIER=Intel64 Family 6 Model 42 Stepping 7, GenuineIntel



---------------  S Y S T E M  ---------------

OS: Windows 7 , 64 bit Build 7601 (6.1.7601.23418)

CPU:total 4 (4 cores per cpu, 1 threads per core) family 6 model 42 stepping 7, cmov, cx8, fxsr, mmx, sse, sse2, sse3, ssse3, sse4.1, sse4.2, popcnt, avx, aes, clmul, tsc, tscinvbit

Memory: 4k page, physical 4174676k(1141400k free), swap 8347492k(3942220k free)

vm_info: Java HotSpot(TM) 64-Bit Server VM (25.101-b13) for windows-amd64 JRE (1.8.0_101-b13), built on Jun 22 2016 01:21:29 by "java_re" with MS VC++ 10.0 (VS2010)

time: Thu Aug 18 01:03:08 2016
elapsed time: 6 seconds (0d 0h 0m 6s)

