#
# A fatal error has been detected by the Java Runtime Environment:
#
#  EXCEPTION_ACCESS_VIOLATION (0xc0000005) at pc=0x0000000076f3e77b, pid=1220, tid=5876
#
# JRE version: Java(TM) SE Runtime Environment (8.0_73-b02) (build 1.8.0_73-b02)
# Java VM: Java HotSpot(TM) 64-Bit Server VM (25.73-b02 mixed mode windows-amd64 compressed oops)
# Problematic frame:
# C  [ntdll.dll+0x4e77b]
#
# Failed to write core dump. Minidumps are not enabled by default on client versions of Windows
#
# If you would like to submit a bug report, please visit:
#   http://bugreport.java.com/bugreport/crash.jsp
# The crash happened outside the Java Virtual Machine in native code.
# See problematic frame for where to report the bug.
#

---------------  T H R E A D  ---------------

Current thread (0x000000005754a800):  JavaThread "AWT-Windows" daemon [_thread_in_native, id=5876, stack(0x000000005b430000,0x000000005b530000)]

siginfo: ExceptionCode=0xc0000005, reading address 0x000000015ddb6da0

Registers:
RAX=0x000000015ddb6da0, RBX=0x0000000000400000, RCX=0x00000000000000c0, RDX=0x00000000fc03c000
RSP=0x000000005b52ec10, RBP=0x0000000000000008, RSI=0x000000005dc8c1e0, RDI=0x000000000000005c
R8 =0x000000000045e9f0, R9 =0x0000000000400230, R10=0x000000000000002c, R11=0x0000000000000003
R12=0x000000005dc8c1f0, R13=0x0000000000400158, R14=0x00000000770003e0, R15=0x0000000000000000
RIP=0x0000000076f3e77b, EFLAGS=0x0000000000010293

Top of Stack: (sp=0x000000005b52ec10)
0x000000005b52ec10:   0000000000000000 0000000000000000
0x000000005b52ec20:   0000000000000000 0000000000000000
0x000000005b52ec30:   0000000000000000 0000000000000000
0x000000005b52ec40:   0000000000000000 0000000000000000
0x000000005b52ec50:   0000000000000000 0000000000000101
0x000000005b52ec60:   0000000000000000 000000000000002c
0x000000005b52ec70:   0000000000000000 002e000000020000
0x000000005b52ec80:   0000000000000000 000000000000ec37
0x000000005b52ec90:   000000000045e9f0 0000000000000000
0x000000005b52eca0:   0000000000000000 0000002e00000003
0x000000005b52ecb0:   0000000000000000 000000000000002c
0x000000005b52ecc0:   4000370040002980 0000000000060000
0x000000005b52ecd0:   0000000000000000 000000005de95c60
0x000000005b52ece0:   0000000000000014 0000000000400230
0x000000005b52ecf0:   000000005dba7000 000007fee550cfca
0x000000005b52ed00:   0000000000000014 000000002d01002c 

Instructions: (pc=0x0000000076f3e77b)
0x0000000076f3e75b:   89 44 24 6e 48 8b b4 24 50 03 00 00 0f b7 c0 4c
0x0000000076f3e76b:   3b d0 0f 87 18 b6 00 00 4c 8d 66 10 49 8b 40 08
0x0000000076f3e77b:   48 8b 08 49 3b c8 0f 85 14 b6 00 00 4d 89 04 24
0x0000000076f3e78b:   49 89 44 24 08 4c 89 20 4d 89 60 08 0f b7 46 08 


Register to memory mapping:

RAX=0x000000015ddb6da0 is an unknown value
RBX=0x0000000000400000 is an unknown value
RCX=0x00000000000000c0 is an unknown value
RDX=0x00000000fc03c000 is an unallocated location in the heap
RSP=0x000000005b52ec10 is pointing into the stack for thread: 0x000000005754a800
RBP=0x0000000000000008 is an unknown value
RSI=0x000000005dc8c1e0 is an unknown value
RDI=0x000000000000005c is an unknown value
R8 =0x000000000045e9f0 is an unknown value
R9 =0x0000000000400230 is an unknown value
R10=0x000000000000002c is an unknown value
R11=0x0000000000000003 is an unknown value
R12=0x000000005dc8c1f0 is an unknown value
R13=0x0000000000400158 is an unknown value
R14=0x00000000770003e0 is an unknown value
R15=0x0000000000000000 is an unknown value


Stack: [0x000000005b430000,0x000000005b530000],  sp=0x000000005b52ec10,  free space=1019k
Native frames: (J=compiled Java code, j=interpreted, Vv=VM code, C=native code)
C  [ntdll.dll+0x4e77b]
C  [kernel32.dll+0x21a0a]
C  [nvd3dumx.dll+0xa6d25c]
C  [nvd3dumx.dll+0xa6f802]
C  [nvd3dumx.dll+0x78009d]
C  [nvd3dumx.dll+0x6efee5]
C  [nvd3dumx.dll+0x7dbaba]
C  [nvd3dumx.dll+0x879c09]
C  [nvd3dumx.dll+0x84d24d]
C  [nvd3dumx.dll+0x871327]
C  [d3d9.dll+0x16571]
C  [d3d9.dll+0x25a0]
C  [d3d9.dll+0x16338]
C  [d3d9.dll+0x15690]
C  [d3d9.dll+0x1566e]
C  [awt.dll+0x19c07]
C  [awt.dll+0x158b6]
C  [awt.dll+0x1d547]
C  [awt.dll+0x1f2c9]
C  [awt.dll+0xcc01d]
C  [awt.dll+0xcc551]
C  [awt.dll+0xcc9f7]
C  0x0000000002845e14

Java frames: (J=compiled Java code, j=interpreted, Vv=VM code)
j  sun.awt.windows.WToolkit.eventLoop()V+0
j  sun.awt.windows.WToolkit.run()V+58
j  java.lang.Thread.run()V+11
v  ~StubRoutines::call_stub

---------------  P R O C E S S  ---------------

Java Threads: ( => current thread )
  0x000000005b582000 JavaThread "Thread-0" daemon [_thread_in_native, id=2900, stack(0x000000005a870000,0x000000005a970000)]
  0x000000005b584000 JavaThread "TimerQueue" daemon [_thread_blocked, id=6624, stack(0x000000005c810000,0x000000005c910000)]
  0x000000005790d000 JavaThread "AWT-EventQueue-0" [_thread_blocked, id=1356, stack(0x000000005f4c0000,0x000000005f5c0000)]
=>0x000000005754a800 JavaThread "AWT-Windows" daemon [_thread_in_native, id=5876, stack(0x000000005b430000,0x000000005b530000)]
  0x0000000057549800 JavaThread "AWT-Shutdown" [_thread_blocked, id=4076, stack(0x000000005b170000,0x000000005b270000)]
  0x0000000057576800 JavaThread "Java2D Disposer" daemon [_thread_blocked, id=6824, stack(0x000000005ae20000,0x000000005af20000)]
  0x0000000056b9e800 JavaThread "Service Thread" daemon [_thread_blocked, id=6372, stack(0x0000000056360000,0x0000000056460000)]
  0x0000000056b35000 JavaThread "C1 CompilerThread2" daemon [_thread_blocked, id=5984, stack(0x0000000057020000,0x0000000057120000)]
  0x0000000056b31000 JavaThread "C2 CompilerThread1" daemon [_thread_blocked, id=3196, stack(0x0000000056580000,0x0000000056680000)]
  0x0000000055089800 JavaThread "C2 CompilerThread0" daemon [_thread_blocked, id=6012, stack(0x0000000056a30000,0x0000000056b30000)]
  0x0000000055087800 JavaThread "Attach Listener" daemon [_thread_blocked, id=3712, stack(0x0000000056900000,0x0000000056a00000)]
  0x0000000055084800 JavaThread "Signal Dispatcher" daemon [_thread_blocked, id=5132, stack(0x00000000566f0000,0x00000000567f0000)]
  0x000000005502b000 JavaThread "Finalizer" daemon [_thread_blocked, id=4664, stack(0x0000000056480000,0x0000000056580000)]
  0x0000000055024000 JavaThread "Reference Handler" daemon [_thread_blocked, id=6604, stack(0x0000000056260000,0x0000000056360000)]
  0x000000000015f000 JavaThread "main" [_thread_blocked, id=6380, stack(0x0000000002460000,0x0000000002560000)]

Other Threads:
  0x000000005501e800 VMThread [stack: 0x00000000560f0000,0x00000000561f0000] [id=1432]
  0x0000000056baf000 WatcherThread [stack: 0x0000000056800000,0x0000000056900000] [id=5948]

VM state:not at safepoint (normal execution)

VM Mutex/Monitor currently owned by a thread: None

Heap:
 PSYoungGen      total 137216K, used 39045K [0x00000000eac00000, 0x00000000fbe00000, 0x0000000100000000)
  eden space 130048K, 30% used [0x00000000eac00000,0x00000000ed221540,0x00000000f2b00000)
  from space 7168K, 0% used [0x00000000f2b00000,0x00000000f2b00000,0x00000000f3200000)
  to   space 10240K, 0% used [0x00000000fb400000,0x00000000fb400000,0x00000000fbe00000)
 ParOldGen       total 34304K, used 12524K [0x00000000c0400000, 0x00000000c2580000, 0x00000000eac00000)
  object space 34304K, 36% used [0x00000000c0400000,0x00000000c103b050,0x00000000c2580000)
 Metaspace       used 21929K, capacity 22234K, committed 22528K, reserved 1069056K
  class space    used 2482K, capacity 2560K, committed 2560K, reserved 1048576K

Card table byte_map: [0x0000000011bf0000,0x0000000011df0000] byte_map_base: 0x00000000115ee000

Marking Bits: (ParMarkBitMap*) 0x000000006a560600
 Begin Bits: [0x00000000124b0000, 0x00000000134a0000)
 End Bits:   [0x00000000134a0000, 0x0000000014490000)

Polling page: 0x0000000000120000

CodeCache: size=245760Kb used=10571Kb max_used=10592Kb free=235188Kb
 bounds [0x0000000002830000, 0x00000000032a0000, 0x0000000011830000]
 total_blobs=4247 nmethods=3400 adapters=757
 compilation: enabled

Compilation events (10 events):
Event: 16.160 Thread 0x0000000056b35000 3399       3       sun.util.locale.provider.LocaleProviderAdapter::getAdapter (171 bytes)
Event: 16.160 Thread 0x0000000056b35000 nmethod 3399 0x000000000327f710 code [0x000000000327f9c0, 0x0000000003280b38]
Event: 16.164 Thread 0x0000000056b31000 nmethod 3397 0x0000000003286d90 code [0x0000000003286f00, 0x0000000003287708]
Event: 16.164 Thread 0x0000000056b31000 3400       4       sun.nio.cs.StreamEncoder::writeBytes (132 bytes)
Event: 16.173 Thread 0x0000000056b31000 nmethod 3400 0x0000000003283ad0 code [0x0000000003283ca0, 0x0000000003284cb0]
Event: 16.196 Thread 0x0000000055089800 nmethod 3396 0x000000000328e810 code [0x000000000328eaa0, 0x0000000003291520]
Event: 16.215 Thread 0x0000000056b35000 3401       3       java.util.Date::<init> (10 bytes)
Event: 16.215 Thread 0x0000000056b31000 3402       4       java.io.FileOutputStream::write (12 bytes)
Event: 16.215 Thread 0x0000000056b35000 nmethod 3401 0x000000000327ba90 code [0x000000000327bbe0, 0x000000000327bd90]
Event: 16.215 Thread 0x0000000056b31000 nmethod 3402 0x000000000327a690 code [0x000000000327a7e0, 0x000000000327a868]

GC Heap History (10 events):
Event: 1.247 GC heap before
{Heap before GC invocations=4 (full 0):
 PSYoungGen      total 35328K, used 35296K [0x00000000eac00000, 0x00000000ef100000, 0x0000000100000000)
  eden space 32768K, 100% used [0x00000000eac00000,0x00000000ecc00000,0x00000000ecc00000)
  from space 2560K, 98% used [0x00000000ecc00000,0x00000000ece78010,0x00000000ece80000)
  to   space 2560K, 0% used [0x00000000eee80000,0x00000000eee80000,0x00000000ef100000)
 ParOldGen       total 44032K, used 1303K [0x00000000c0400000, 0x00000000c2f00000, 0x00000000eac00000)
  object space 44032K, 2% used [0x00000000c0400000,0x00000000c0545d98,0x00000000c2f00000)
 Metaspace       used 12526K, capacity 12750K, committed 13056K, reserved 1060864K
  class space    used 1173K, capacity 1251K, committed 1280K, reserved 1048576K
Event: 1.249 GC heap after
Heap after GC invocations=4 (full 0):
 PSYoungGen      total 68096K, used 2528K [0x00000000eac00000, 0x00000000ef100000, 0x0000000100000000)
  eden space 65536K, 0% used [0x00000000eac00000,0x00000000eac00000,0x00000000eec00000)
  from space 2560K, 98% used [0x00000000eee80000,0x00000000ef0f8010,0x00000000ef100000)
  to   space 2560K, 0% used [0x00000000eec00000,0x00000000eec00000,0x00000000eee80000)
 ParOldGen       total 44032K, used 3423K [0x00000000c0400000, 0x00000000c2f00000, 0x00000000eac00000)
  object space 44032K, 7% used [0x00000000c0400000,0x00000000c0757db8,0x00000000c2f00000)
 Metaspace       used 12526K, capacity 12750K, committed 13056K, reserved 1060864K
  class space    used 1173K, capacity 1251K, committed 1280K, reserved 1048576K
}
Event: 1.818 GC heap before
{Heap before GC invocations=5 (full 0):
 PSYoungGen      total 68096K, used 68064K [0x00000000eac00000, 0x00000000ef100000, 0x0000000100000000)
  eden space 65536K, 100% used [0x00000000eac00000,0x00000000eec00000,0x00000000eec00000)
  from space 2560K, 98% used [0x00000000eee80000,0x00000000ef0f8010,0x00000000ef100000)
  to   space 2560K, 0% used [0x00000000eec00000,0x00000000eec00000,0x00000000eee80000)
 ParOldGen       total 44032K, used 3423K [0x00000000c0400000, 0x00000000c2f00000, 0x00000000eac00000)
  object space 44032K, 7% used [0x00000000c0400000,0x00000000c0757db8,0x00000000c2f00000)
 Metaspace       used 19614K, capacity 19884K, committed 20352K, reserved 1067008K
  class space    used 2234K, capacity 2325K, committed 2432K, reserved 1048576K
Event: 1.823 GC heap after
Heap after GC invocations=5 (full 0):
 PSYoungGen      total 68096K, used 2528K [0x00000000eac00000, 0x00000000f3800000, 0x0000000100000000)
  eden space 65536K, 0% used [0x00000000eac00000,0x00000000eac00000,0x00000000eec00000)
  from space 2560K, 98% used [0x00000000eec00000,0x00000000eee78050,0x00000000eee80000)
  to   space 6144K, 0% used [0x00000000f3200000,0x00000000f3200000,0x00000000f3800000)
 ParOldGen       total 44032K, used 6133K [0x00000000c0400000, 0x00000000c2f00000, 0x00000000eac00000)
  object space 44032K, 13% used [0x00000000c0400000,0x00000000c09fd6d8,0x00000000c2f00000)
 Metaspace       used 19614K, capacity 19884K, committed 20352K, reserved 1067008K
  class space    used 2234K, capacity 2325K, committed 2432K, reserved 1048576K
}
Event: 3.896 GC heap before
{Heap before GC invocations=6 (full 0):
 PSYoungGen      total 68096K, used 68064K [0x00000000eac00000, 0x00000000f3800000, 0x0000000100000000)
  eden space 65536K, 100% used [0x00000000eac00000,0x00000000eec00000,0x00000000eec00000)
  from space 2560K, 98% used [0x00000000eec00000,0x00000000eee78050,0x00000000eee80000)
  to   space 6144K, 0% used [0x00000000f3200000,0x00000000f3200000,0x00000000f3800000)
 ParOldGen       total 44032K, used 6133K [0x00000000c0400000, 0x00000000c2f00000, 0x00000000eac00000)
  object space 44032K, 13% used [0x00000000c0400000,0x00000000c09fd6d8,0x00000000c2f00000)
 Metaspace       used 20594K, capacity 20880K, committed 21248K, reserved 1069056K
  class space    used 2369K, capacity 2457K, committed 2560K, reserved 1048576K
Event: 3.901 GC heap after
Heap after GC invocations=6 (full 0):
 PSYoungGen      total 136192K, used 6128K [0x00000000eac00000, 0x00000000f3a00000, 0x0000000100000000)
  eden space 130048K, 0% used [0x00000000eac00000,0x00000000eac00000,0x00000000f2b00000)
  from space 6144K, 99% used [0x00000000f3200000,0x00000000f37fc040,0x00000000f3800000)
  to   space 7168K, 0% used [0x00000000f2b00000,0x00000000f2b00000,0x00000000f3200000)
 ParOldGen       total 44032K, used 6645K [0x00000000c0400000, 0x00000000c2f00000, 0x00000000eac00000)
  object space 44032K, 15% used [0x00000000c0400000,0x00000000c0a7d6d8,0x00000000c2f00000)
 Metaspace       used 20594K, capacity 20880K, committed 21248K, reserved 1069056K
  class space    used 2369K, capacity 2457K, committed 2560K, reserved 1048576K
}
Event: 3.910 GC heap before
{Heap before GC invocations=7 (full 0):
 PSYoungGen      total 136192K, used 12649K [0x00000000eac00000, 0x00000000f3a00000, 0x0000000100000000)
  eden space 130048K, 5% used [0x00000000eac00000,0x00000000eb25e5d0,0x00000000f2b00000)
  from space 6144K, 99% used [0x00000000f3200000,0x00000000f37fc040,0x00000000f3800000)
  to   space 7168K, 0% used [0x00000000f2b00000,0x00000000f2b00000,0x00000000f3200000)
 ParOldGen       total 44032K, used 6645K [0x00000000c0400000, 0x00000000c2f00000, 0x00000000eac00000)
  object space 44032K, 15% used [0x00000000c0400000,0x00000000c0a7d6d8,0x00000000c2f00000)
 Metaspace       used 20657K, capacity 20912K, committed 21248K, reserved 1069056K
  class space    used 2381K, capacity 2489K, committed 2560K, reserved 1048576K
Event: 3.917 GC heap after
Heap after GC invocations=7 (full 0):
 PSYoungGen      total 137216K, used 7136K [0x00000000eac00000, 0x00000000fbe00000, 0x0000000100000000)
  eden space 130048K, 0% used [0x00000000eac00000,0x00000000eac00000,0x00000000f2b00000)
  from space 7168K, 99% used [0x00000000f2b00000,0x00000000f31f8030,0x00000000f3200000)
  to   space 10240K, 0% used [0x00000000fb400000,0x00000000fb400000,0x00000000fbe00000)
 ParOldGen       total 44032K, used 10161K [0x00000000c0400000, 0x00000000c2f00000, 0x00000000eac00000)
  object space 44032K, 23% used [0x00000000c0400000,0x00000000c0dec718,0x00000000c2f00000)
 Metaspace       used 20657K, capacity 20912K, committed 21248K, reserved 1069056K
  class space    used 2381K, capacity 2489K, committed 2560K, reserved 1048576K
}
Event: 3.917 GC heap before
{Heap before GC invocations=8 (full 1):
 PSYoungGen      total 137216K, used 7136K [0x00000000eac00000, 0x00000000fbe00000, 0x0000000100000000)
  eden space 130048K, 0% used [0x00000000eac00000,0x00000000eac00000,0x00000000f2b00000)
  from space 7168K, 99% used [0x00000000f2b00000,0x00000000f31f8030,0x00000000f3200000)
  to   space 10240K, 0% used [0x00000000fb400000,0x00000000fb400000,0x00000000fbe00000)
 ParOldGen       total 44032K, used 10161K [0x00000000c0400000, 0x00000000c2f00000, 0x00000000eac00000)
  object space 44032K, 23% used [0x00000000c0400000,0x00000000c0dec718,0x00000000c2f00000)
 Metaspace       used 20657K, capacity 20912K, committed 21248K, reserved 1069056K
  class space    used 2381K, capacity 2489K, committed 2560K, reserved 1048576K
Event: 3.942 GC heap after
Heap after GC invocations=8 (full 1):
 PSYoungGen      total 137216K, used 0K [0x00000000eac00000, 0x00000000fbe00000, 0x0000000100000000)
  eden space 130048K, 0% used [0x00000000eac00000,0x00000000eac00000,0x00000000f2b00000)
  from space 7168K, 0% used [0x00000000f2b00000,0x00000000f2b00000,0x00000000f3200000)
  to   space 10240K, 0% used [0x00000000fb400000,0x00000000fb400000,0x00000000fbe00000)
 ParOldGen       total 34304K, used 12524K [0x00000000c0400000, 0x00000000c2580000, 0x00000000eac00000)
  object space 34304K, 36% used [0x00000000c0400000,0x00000000c103b050,0x00000000c2580000)
 Metaspace       used 20657K, capacity 20912K, committed 21248K, reserved 1069056K
  class space    used 2381K, capacity 2489K, committed 2560K, reserved 1048576K
}

Deoptimization events (10 events):
Event: 16.103 Thread 0x000000005b582800 Uncommon trap: reason=unstable_if action=reinterpret pc=0x0000000003128940 method=java.util.concurrent.locks.AbstractQueuedSynchronizer$ConditionObject.checkInterruptWhileWaiting(Ljava/util/concurrent/locks/AbstractQueuedSynchronizer$Node;)I @ 3
Event: 16.103 Thread 0x000000005b582000 Uncommon trap: reason=unstable_if action=reinterpret pc=0x0000000003128940 method=java.util.concurrent.locks.AbstractQueuedSynchronizer$ConditionObject.checkInterruptWhileWaiting(Ljava/util/concurrent/locks/AbstractQueuedSynchronizer$Node;)I @ 3
Event: 16.103 Thread 0x000000005774a800 Uncommon trap: reason=unstable_if action=reinterpret pc=0x0000000003128940 method=java.util.concurrent.locks.AbstractQueuedSynchronizer$ConditionObject.checkInterruptWhileWaiting(Ljava/util/concurrent/locks/AbstractQueuedSynchronizer$Node;)I @ 3
Event: 16.103 Thread 0x0000000057749000 Uncommon trap: reason=unstable_if action=reinterpret pc=0x0000000003128940 method=java.util.concurrent.locks.AbstractQueuedSynchronizer$ConditionObject.checkInterruptWhileWaiting(Ljava/util/concurrent/locks/AbstractQueuedSynchronizer$Node;)I @ 3
Event: 16.103 Thread 0x000000005b583800 Uncommon trap: reason=unstable_if action=reinterpret pc=0x0000000003128940 method=java.util.concurrent.locks.AbstractQueuedSynchronizer$ConditionObject.checkInterruptWhileWaiting(Ljava/util/concurrent/locks/AbstractQueuedSynchronizer$Node;)I @ 3
Event: 16.103 Thread 0x000000005b581000 Uncommon trap: reason=unstable_if action=reinterpret pc=0x0000000003128940 method=java.util.concurrent.locks.AbstractQueuedSynchronizer$ConditionObject.checkInterruptWhileWaiting(Ljava/util/concurrent/locks/AbstractQueuedSynchronizer$Node;)I @ 3
Event: 16.104 Thread 0x0000000057748800 Uncommon trap: reason=unstable_if action=reinterpret pc=0x0000000003128940 method=java.util.concurrent.locks.AbstractQueuedSynchronizer$ConditionObject.checkInterruptWhileWaiting(Ljava/util/concurrent/locks/AbstractQueuedSynchronizer$Node;)I @ 3
Event: 16.104 Thread 0x000000005774a000 Uncommon trap: reason=unstable_if action=reinterpret pc=0x0000000003128940 method=java.util.concurrent.locks.AbstractQueuedSynchronizer$ConditionObject.checkInterruptWhileWaiting(Ljava/util/concurrent/locks/AbstractQueuedSynchronizer$Node;)I @ 3
Event: 16.104 Thread 0x000000000015f000 Uncommon trap: reason=unstable_if action=reinterpret pc=0x00000000030c5370 method=java.util.concurrent.ThreadPoolExecutor.runStateAtLeast(II)Z @ 2
Event: 16.121 Thread 0x000000000015f000 Uncommon trap: reason=unreached action=reinterpret pc=0x000000000327d60c method=com.grillecube.engine.renderer.model.builder.ModelPartSkinBuilder.getBlocks()[I @ 209

Internal exceptions (10 events):
Event: 1.573 Thread 0x000000000015f000 Implicit null exception at 0x0000000002ac2846 to 0x0000000002ac2b71
Event: 1.574 Thread 0x000000000015f000 Implicit null exception at 0x0000000002a0f306 to 0x0000000002a0f621
Event: 1.577 Thread 0x000000000015f000 Implicit null exception at 0x0000000002bf5245 to 0x0000000002bf543d
Event: 1.577 Thread 0x000000000015f000 Implicit null exception at 0x0000000002c03848 to 0x0000000002c038d6
Event: 1.715 Thread 0x000000000015f000 Exception <a 'java/lang/ArrayIndexOutOfBoundsException'> (0x00000000ed3c81a8) thrown at [D:\re\puppet\workspace\8-2-build-windows-amd64-cygwin\jdk8u73\6086\hotspot\src\share\vm\runtime\sharedRuntime.cpp, line 605]
Event: 1.716 Thread 0x000000000015f000 Exception <a 'java/lang/ArrayIndexOutOfBoundsException'> (0x00000000ed3c92a8) thrown at [D:\re\puppet\workspace\8-2-build-windows-amd64-cygwin\jdk8u73\6086\hotspot\src\share\vm\runtime\sharedRuntime.cpp, line 605]
Event: 1.716 Thread 0x000000000015f000 Exception <a 'java/lang/ArrayIndexOutOfBoundsException'> (0x00000000ed4376a0) thrown at [D:\re\puppet\workspace\8-2-build-windows-amd64-cygwin\jdk8u73\6086\hotspot\src\share\vm\runtime\sharedRuntime.cpp, line 605]
Event: 1.736 Thread 0x0000000057748800 Implicit null exception at 0x0000000002d2a300 to 0x0000000002d2a405
Event: 4.069 Thread 0x000000000015f000 Implicit null exception at 0x0000000002f1e4e0 to 0x0000000002f1e53a
Event: 11.842 Thread 0x000000005790d000 Implicit null exception at 0x0000000002de32d8 to 0x0000000002de3381

Events (10 events):
Event: 16.215 Thread 0x000000005b581000 Thread added: 0x000000005b581000
Event: 16.215 Thread 0x000000005b583800 Thread added: 0x000000005b583800
Event: 16.215 loading class sun/awt/shell/Win32ShellFolderManager2$ComInvoker$1$1
Event: 16.215 Thread 0x000000005b582000 Thread added: 0x000000005b582000
Event: 16.215 Thread 0x00000000577f6000 Thread exited: 0x00000000577f6000
Event: 16.215 Thread 0x000000005b581000 Thread exited: 0x000000005b581000
Event: 16.215 loading class sun/awt/shell/Win32ShellFolderManager2$ComInvoker$1$1 done
Event: 16.215 Thread 0x000000005b583800 Thread exited: 0x000000005b583800
Event: 16.216 loading class sun/java2d/pipe/hw/AccelDeviceEventNotifier
Event: 16.224 loading class sun/java2d/pipe/hw/AccelDeviceEventNotifier done


Dynamic libraries:
0x000000013f970000 - 0x000000013f9a7000 	C:\Program Files\Java\jre1.8.0_73\bin\javaw.exe
0x0000000076ef0000 - 0x000000007709a000 	C:\Windows\SYSTEM32\ntdll.dll
0x0000000076cd0000 - 0x0000000076def000 	C:\Windows\system32\kernel32.dll
0x000007fefcfc0000 - 0x000007fefd02a000 	C:\Windows\system32\KERNELBASE.dll
0x000007fefeea0000 - 0x000007fefef7b000 	C:\Windows\system32\ADVAPI32.dll
0x000007fefd030000 - 0x000007fefd0cf000 	C:\Windows\system32\msvcrt.dll
0x000007fefd340000 - 0x000007fefd35f000 	C:\Windows\SYSTEM32\sechost.dll
0x000007fefed10000 - 0x000007fefee3d000 	C:\Windows\system32\RPCRT4.dll
0x0000000076df0000 - 0x0000000076eea000 	C:\Windows\system32\USER32.dll
0x000007fefd2b0000 - 0x000007fefd317000 	C:\Windows\system32\GDI32.dll
0x000007fefd330000 - 0x000007fefd33e000 	C:\Windows\system32\LPK.dll
0x000007fefef80000 - 0x000007feff04a000 	C:\Windows\system32\USP10.dll
0x000007fefb660000 - 0x000007fefb854000 	C:\Windows\WinSxS\amd64_microsoft.windows.common-controls_6595b64144ccf1df_6.0.7601.18837_none_fa3b1e3d17594757\COMCTL32.dll
0x000007fefea00000 - 0x000007fefea71000 	C:\Windows\system32\SHLWAPI.dll
0x000007feff1b0000 - 0x000007feff1de000 	C:\Windows\system32\IMM32.DLL
0x000007feff0a0000 - 0x000007feff1a9000 	C:\Windows\system32\MSCTF.dll
0x000000006f240000 - 0x000000006f312000 	C:\Program Files\Java\jre1.8.0_73\bin\msvcr100.dll
0x0000000069d50000 - 0x000000006a5e0000 	C:\Program Files\Java\jre1.8.0_73\bin\server\jvm.dll
0x000007fef6d10000 - 0x000007fef6d19000 	C:\Windows\system32\WSOCK32.dll
0x000007feff050000 - 0x000007feff09d000 	C:\Windows\system32\WS2_32.dll
0x000007fefd320000 - 0x000007fefd328000 	C:\Windows\system32\NSI.dll
0x000007fef99c0000 - 0x000007fef99fb000 	C:\Windows\system32\WINMM.dll
0x000007fefbcf0000 - 0x000007fefbcfc000 	C:\Windows\system32\VERSION.dll
0x00000000770b0000 - 0x00000000770b7000 	C:\Windows\system32\PSAPI.DLL
0x0000000072b60000 - 0x0000000072b6f000 	C:\Program Files\Java\jre1.8.0_73\bin\verify.dll
0x0000000072b30000 - 0x0000000072b59000 	C:\Program Files\Java\jre1.8.0_73\bin\java.dll
0x000000006b0c0000 - 0x000000006b0d6000 	C:\Program Files\Java\jre1.8.0_73\bin\zip.dll
0x000007fefd880000 - 0x000007fefe60c000 	C:\Windows\system32\SHELL32.dll
0x000007fefd4e0000 - 0x000007fefd6e3000 	C:\Windows\system32\ole32.dll
0x000007fefcc80000 - 0x000007fefcc8f000 	C:\Windows\system32\profapi.dll
0x000007fefc4b0000 - 0x000007fefc4c8000 	C:\Windows\system32\CRYPTSP.dll
0x000007fefc1b0000 - 0x000007fefc1f7000 	C:\Windows\system32\rsaenh.dll
0x000007fefcee0000 - 0x000007fefcefe000 	C:\Windows\system32\USERENV.dll
0x000007fefcb10000 - 0x000007fefcb1f000 	C:\Windows\system32\CRYPTBASE.dll
0x000000006af50000 - 0x000000006af6a000 	C:\Program Files\Java\jre1.8.0_73\bin\net.dll
0x000007fefc450000 - 0x000007fefc4a5000 	C:\Windows\system32\mswsock.dll
0x000007fefc440000 - 0x000007fefc447000 	C:\Windows\System32\wship6.dll
0x000007fefa8b0000 - 0x000007fefa8d7000 	C:\Windows\system32\IPHLPAPI.DLL
0x000007fefb620000 - 0x000007fefb62b000 	C:\Windows\system32\WINNSI.DLL
0x000007fefa880000 - 0x000007fefa891000 	C:\Windows\system32\dhcpcsvc6.DLL
0x000007fefa860000 - 0x000007fefa878000 	C:\Windows\system32\dhcpcsvc.DLL
0x000000006af30000 - 0x000000006af41000 	C:\Program Files\Java\jre1.8.0_73\bin\nio.dll
0x000007fef17b0000 - 0x000007fef187d000 	C:\Users\Romain\AppData\Local\Temp\libgdxRomain\190e059d\lwjgl.dll
0x000007feea0b0000 - 0x000007feea1cd000 	C:\Windows\system32\OPENGL32.dll
0x000007fef1930000 - 0x000007fef195d000 	C:\Windows\system32\GLU32.dll
0x000007fef11c0000 - 0x000007fef12b1000 	C:\Windows\system32\DDRAW.dll
0x000007fefb610000 - 0x000007fefb618000 	C:\Windows\system32\DCIMAN32.dll
0x000007fefd0d0000 - 0x000007fefd2a7000 	C:\Windows\system32\SETUPAPI.dll
0x000007fefcf40000 - 0x000007fefcf76000 	C:\Windows\system32\CFGMGR32.dll
0x000007fefd400000 - 0x000007fefd4d8000 	C:\Windows\system32\OLEAUT32.dll
0x000007fefcf20000 - 0x000007fefcf3a000 	C:\Windows\system32\DEVOBJ.dll
0x000007fefadd0000 - 0x000007fefade8000 	C:\Windows\system32\dwmapi.dll
0x0000000062820000 - 0x0000000064563000 	C:\Windows\system32\nvoglv64.DLL
0x000007fefbe80000 - 0x000007fefbe91000 	C:\Windows\system32\WTSAPI32.dll
0x000007fefcf80000 - 0x000007fefcfbb000 	C:\Windows\system32\WINTRUST.dll
0x000007fefcd70000 - 0x000007fefcedd000 	C:\Windows\system32\CRYPT32.dll
0x000007fefcc70000 - 0x000007fefcc7f000 	C:\Windows\system32\MSASN1.dll
0x000007fefada0000 - 0x000007fefadcd000 	C:\Windows\system32\ntmarta.dll
0x000007fefee40000 - 0x000007fefee92000 	C:\Windows\system32\WLDAP32.dll
0x000007fefbfb0000 - 0x000007fefbfed000 	C:\Windows\system32\WINSTA.dll
0x000007fee95b0000 - 0x000007fee9662000 	C:\Users\Romain\AppData\Local\Temp\libgdxRomain\190e059d\OpenAL.dll
0x000007fefd360000 - 0x000007fefd3f9000 	C:\Windows\system32\CLBCatQ.DLL
0x000007fefb1b0000 - 0x000007fefb1fb000 	C:\Windows\System32\MMDevApi.dll
0x000007fefb260000 - 0x000007fefb38c000 	C:\Windows\System32\PROPSYS.dll
0x000007fefa540000 - 0x000007fefa58f000 	C:\Windows\system32\AUDIOSES.DLL
0x000000006f0a0000 - 0x000000006f238000 	C:\Program Files\Java\jre1.8.0_73\bin\awt.dll
0x000007fef4450000 - 0x000007fef464f000 	C:\Windows\system32\d3d9.dll
0x000007fef9410000 - 0x000007fef9417000 	C:\Windows\system32\d3d8thk.dll
0x000007fee4c90000 - 0x000007fee5bb2000 	C:\Windows\system32\nvd3dumx.dll
0x000007fee5f00000 - 0x000007fee60b7000 	C:\Windows\system32\nvspcap64.dll
0x000007fef5970000 - 0x000007fef59e1000 	C:\Windows\system32\WINHTTP.dll
0x000007fef5900000 - 0x000007fef5965000 	C:\Windows\system32\webio.dll
0x000007fef9430000 - 0x000007fef9798000 	C:\Windows\system32\nvapi64.dll
0x000007fefca80000 - 0x000007fefcaa5000 	C:\Windows\system32\SspiCli.dll
0x000007fefb390000 - 0x000007fefb3bc000 	C:\Windows\system32\powrprof.dll
0x000007fee6bb0000 - 0x000007fee6d10000 	C:\Program Files (x86)\NVIDIA Corporation\3D Vision\nvSCPAPI64.dll
0x0000000072ae0000 - 0x0000000072b27000 	C:\Program Files\Java\jre1.8.0_73\bin\fontmanager.dll
0x0000000072a90000 - 0x0000000072ad2000 	C:\Program Files\Java\jre1.8.0_73\bin\t2k.dll
0x000007fef9920000 - 0x000007fef99c0000 	C:\Windows\WinSxS\amd64_microsoft.windows.common-controls_6595b64144ccf1df_5.82.7601.18837_none_a4d981ff711297b6\comctl32.dll
0x000007fefa980000 - 0x000007fefaae1000 	C:\Windows\system32\WindowsCodecs.dll
0x000007fefcab0000 - 0x000007fefcb07000 	C:\Windows\system32\apphelp.dll
0x000007fef82c0000 - 0x000007fef82f5000 	C:\Windows\system32\EhStorShell.dll
0x000007fef8240000 - 0x000007fef82c0000 	C:\Windows\system32\ntshrui.dll
0x000007fefc810000 - 0x000007fefc833000 	C:\Windows\system32\srvcli.dll
0x000007fef8cb0000 - 0x000007fef8cbf000 	C:\Windows\system32\cscapi.dll
0x000007fefabd0000 - 0x000007fefabdb000 	C:\Windows\system32\slc.dll
0x000007fef7630000 - 0x000007fef7755000 	C:\Windows\system32\dbghelp.dll

VM Arguments:
jvm_args: -Dfile.encoding=Cp1252 
java_command: com.grillecube.editor.Main
java_class_path (initial): C:\Users\Romain\Desktop\VoxelEngine\ModelEditor\bin;C:\Users\Romain\.gradle\caches\modules-2\files-2.1\com.hackoeur\jglm\1.0.0\c33217595f53d8be7c2d6c0fb91905daf29e1c7e\jglm-1.0.0.jar;C:\Users\Romain\.gradle\caches\modules-2\files-2.1\commons-collections\commons-collections\3.2\f951934aa5ae5a88d7e6dfaa6d32307d834a88be\commons-collections-3.2.jar;C:\Users\Romain\.gradle\caches\modules-2\files-2.1\io.netty\netty-all\4.0.30.Final\d83cee600887629344c2ca96e8fdeec8511c4eee\netty-all-4.0.30.Final.jar;C:\Users\Romain\.gradle\caches\modules-2\files-2.1\junit\junit\4.8.2\c94f54227b08100974c36170dcb53329435fe5ad\junit-4.8.2.jar;C:\Users\Romain\.gradle\caches\modules-2\files-2.1\org.json\json\20141113\c590c04911645db2f53b9bbefd5c3fcd8ca5581d\json-20141113.jar;C:\Users\Romain\.gradle\caches\modules-2\files-2.1\org.lwjgl\lwjgl-platform\3.0.0a\23d98c0b5a1ca12726d47fe8cccaf323d2ba30a9\lwjgl-platform-3.0.0a-natives-linux.jar;C:\Users\Romain\.gradle\caches\modules-2\files-2.1\org.lwjgl\lwjgl-platform\3.0.0a\4d92e1b7c9c3077209a8cb2531cd803837b685d5\lwjgl-platform-3.0.0a-natives-windows.jar;C:\Users\Romain\.gradle\caches\modules-2\files-2.1\org.lwjgl\lwjgl-platform\3.0.0a\85281dee834fb29b530148f354b704699e03c5b7\lwjgl-platform-3.0.0a-natives-osx.jar;C:\Users\Romain\.gradle\caches\modules-2\files-2.1\org.lwjgl\lwjgl\3.0.0a\788064e90fc99d6202b89c487ac525cb336a8dd3\lwjgl-3.0.0a.jar;C:\Users\Romain\Desktop\VoxelEngine\ModSample\bin;C:\Users\Romain\Desktop\VoxelEngine\VoxelEngine\bin;C:\Users\Romain\Desktop\VoxelEngine\POT\bin
Launcher Type: SUN_STANDARD

Environment Variables:
PATH=C:/Program Files/Java/jre1.8.0_73/bin/server;C:/Program Files/Java/jre1.8.0_73/bin;C:/Program Files/Java/jre1.8.0_73/lib/amd64;C:\Program Files\NVIDIA GPU Computing Toolkit\CUDA\v7.5\bin;C:\Program Files\NVIDIA GPU Computing Toolkit\CUDA\v7.5\libnvvp;C:\ProgramData\Oracle\Java\javapath;C:\Program Files (x86)\HP SimplePass 2011\x64;C:\Program Files (x86)\HP SimplePass 2011\;C:\Program Files\Common Files\Microsoft Shared\Windows Live;C:\Program Files (x86)\Common Files\Microsoft Shared\Windows Live;C:\Windows\system32;C:\Windows;C:\Windows\System32\Wbem;C:\Windows\System32\WindowsPowerShell\v1.0\;C:\Program Files (x86)\Windows Live\Shared;C:\Program Files (x86)\Intel\Services\IPT\;C:\Program Files (x86)\Skype\Phone\;C:\Program Files (x86)\NVIDIA Corporation\PhysX\Common;C:\Program Files\Git\cmd;C:\Program Files\Microsoft SQL Server\130\Tools\Binn\;C:\Program Files (x86)\Windows Kits\10\Windows Performance Toolkit\;C:\Program Files\Microsoft SQL Server\110\Tools\Binn\;C:\Program Files (x86)\Microsoft SDKs\TypeScript\1.0\;C:\Program Files\Microsoft SQL Server\120\Tools\Binn\;;C:\Program Files (x86)\Microsoft VS Code\bin;C:\Users\Romain\Desktop\Development\eclipse;
USERNAME=Romain
OS=Windows_NT
PROCESSOR_IDENTIFIER=Intel64 Family 6 Model 42 Stepping 7, GenuineIntel



---------------  S Y S T E M  ---------------

OS: Windows 7 , 64 bit Build 7601 (6.1.7601.23418)

CPU:total 4 (4 cores per cpu, 1 threads per core) family 6 model 42 stepping 7, cmov, cx8, fxsr, mmx, sse, sse2, sse3, ssse3, sse4.1, sse4.2, popcnt, avx, aes, clmul, tsc, tscinvbit

Memory: 4k page, physical 4174676k(2148008k free), swap 8347492k(5095244k free)

vm_info: Java HotSpot(TM) 64-Bit Server VM (25.73-b02) for windows-amd64 JRE (1.8.0_73-b02), built on Jan 29 2016 17:38:49 by "java_re" with MS VC++ 10.0 (VS2010)

time: Thu Jul 07 14:12:36 2016
elapsed time: 16 seconds (0d 0h 0m 16s)

